2019-06-11 00:04:02,263 INFO org.apache.juli.logging.DirectJDKLog [http-nio-9090-exec-1] Initializing Spring FrameworkServlet 'dispatcherServlet'
2019-06-11 00:04:02,264 INFO org.springframework.web.servlet.FrameworkServlet [http-nio-9090-exec-1] FrameworkServlet 'dispatcherServlet': initialization started
2019-06-11 00:04:02,502 INFO org.springframework.web.servlet.FrameworkServlet [http-nio-9090-exec-1] FrameworkServlet 'dispatcherServlet': initialization completed in 235 ms
2019-06-11 00:04:02,928 INFO com.barclaysbank.rewards.resource.controller.Resource_BalanceController [http-nio-9090-exec-1] ################## ENTER INTO BALANCE CONTROLLE  ##############
2019-06-11 00:04:03,128 INFO org.hibernate.hql.internal.QueryTranslatorFactoryInitiator [http-nio-9090-exec-1] HHH000397: Using ASTQueryTranslatorFactory
2019-06-11 00:04:58,596 INFO org.springframework.boot.admin.SpringApplicationAdminMXBeanRegistrar$SpringApplicationAdmin [RMI TCP Connection(2)-127.0.0.1] Application shutdown requested.
2019-06-11 00:04:58,597 INFO org.springframework.context.support.AbstractApplicationContext [RMI TCP Connection(2)-127.0.0.1] Closing org.springframework.boot.context.embedded.AnnotationConfigEmbeddedWebApplicationContext@197d671: startup date [Tue Jun 11 00:02:21 IST 2019]; root of context hierarchy
2019-06-11 00:04:58,602 INFO org.springframework.jmx.export.MBeanExporter [RMI TCP Connection(2)-127.0.0.1] Unregistering JMX-exposed beans on shutdown
2019-06-11 00:04:58,607 INFO org.springframework.orm.jpa.AbstractEntityManagerFactoryBean [RMI TCP Connection(2)-127.0.0.1] Closing JPA EntityManagerFactory for persistence unit 'default'
2019-06-11 00:12:25,905 INFO org.springframework.boot.StartupInfoLogger [main] Starting PWPServiceApplication on DESKTOP-P60AFO3 with PID 14588 (D:\Users\Avinash\git\PayWithPoint\pwp_resource_layer\target\classes started by Avinash in D:\Users\Avinash\git\PayWithPoint\pwp_resource_layer)
2019-06-11 00:12:25,911 INFO org.springframework.boot.SpringApplication [main] No active profile set, falling back to default profiles: default
2019-06-11 00:12:25,997 INFO org.springframework.context.support.AbstractApplicationContext [main] Refreshing org.springframework.boot.context.embedded.AnnotationConfigEmbeddedWebApplicationContext@197d671: startup date [Tue Jun 11 00:12:25 IST 2019]; root of context hierarchy
2019-06-11 00:12:26,207 INFO org.hibernate.validator.internal.util.Version [background-preinit] HV000001: Hibernate Validator 5.3.6.Final
2019-06-11 00:12:28,680 INFO org.springframework.context.support.PostProcessorRegistrationDelegate$BeanPostProcessorChecker [main] Bean 'org.springframework.transaction.annotation.ProxyTransactionManagementConfiguration' of type [org.springframework.transaction.annotation.ProxyTransactionManagementConfiguration$$EnhancerBySpringCGLIB$$d1e3d8c0] is not eligible for getting processed by all BeanPostProcessors (for example: not eligible for auto-proxying)
2019-06-11 00:12:29,242 INFO org.springframework.boot.context.embedded.tomcat.TomcatEmbeddedServletContainer [main] Tomcat initialized with port(s): 9090 (http)
2019-06-11 00:12:29,278 INFO org.apache.juli.logging.DirectJDKLog [main] Initializing ProtocolHandler ["http-nio-9090"]
2019-06-11 00:12:29,305 INFO org.apache.juli.logging.DirectJDKLog [main] Starting service [Tomcat]
2019-06-11 00:12:29,307 INFO org.apache.juli.logging.DirectJDKLog [main] Starting Servlet Engine: Apache Tomcat/8.5.40
2019-06-11 00:12:29,539 INFO org.apache.juli.logging.DirectJDKLog [localhost-startStop-1] Initializing Spring embedded WebApplicationContext
2019-06-11 00:12:29,539 INFO org.springframework.boot.context.embedded.EmbeddedWebApplicationContext [localhost-startStop-1] Root WebApplicationContext: initialization completed in 3542 ms
2019-06-11 00:12:29,960 INFO org.springframework.boot.web.servlet.AbstractFilterRegistrationBean [localhost-startStop-1] Mapping filter: 'characterEncodingFilter' to: [/*]
2019-06-11 00:12:29,962 INFO org.springframework.boot.web.servlet.AbstractFilterRegistrationBean [localhost-startStop-1] Mapping filter: 'hiddenHttpMethodFilter' to: [/*]
2019-06-11 00:12:29,962 INFO org.springframework.boot.web.servlet.AbstractFilterRegistrationBean [localhost-startStop-1] Mapping filter: 'httpPutFormContentFilter' to: [/*]
2019-06-11 00:12:29,963 INFO org.springframework.boot.web.servlet.AbstractFilterRegistrationBean [localhost-startStop-1] Mapping filter: 'requestContextFilter' to: [/*]
2019-06-11 00:12:29,964 INFO org.springframework.boot.web.servlet.AbstractFilterRegistrationBean [localhost-startStop-1] Mapping filter: 'springSecurityFilterChain' to: [/*]
2019-06-11 00:12:29,966 INFO org.springframework.boot.web.servlet.AbstractFilterRegistrationBean [localhost-startStop-1] Mapping filter: 'correlationHeaderFilter' to urls: [/*]
2019-06-11 00:12:29,966 INFO org.springframework.boot.web.servlet.ServletRegistrationBean [localhost-startStop-1] Mapping servlet: 'dispatcherServlet' to [/]
2019-06-11 00:12:30,814 INFO org.springframework.orm.jpa.LocalContainerEntityManagerFactoryBean [main] Building JPA container EntityManagerFactory for persistence unit 'default'
2019-06-11 00:12:30,830 INFO org.hibernate.jpa.internal.util.LogHelper [main] HHH000204: Processing PersistenceUnitInfo [
	name: default
	...]
2019-06-11 00:12:30,918 INFO org.hibernate.Version [main] HHH000412: Hibernate Core {5.0.12.Final}
2019-06-11 00:12:30,924 INFO org.hibernate.cfg.Environment [main] HHH000206: hibernate.properties not found
2019-06-11 00:12:30,927 INFO org.hibernate.cfg.Environment [main] HHH000021: Bytecode provider name : javassist
2019-06-11 00:12:31,001 INFO org.hibernate.annotations.common.reflection.java.JavaReflectionManager [main] HCANN000001: Hibernate Commons Annotations {5.0.1.Final}
2019-06-11 00:12:31,155 INFO org.hibernate.dialect.Dialect [main] HHH000400: Using dialect: org.hibernate.dialect.MySQL5Dialect
2019-06-11 00:12:31,803 INFO org.hibernate.tool.hbm2ddl.SchemaUpdate [main] HHH000228: Running hbm2ddl schema update
2019-06-11 00:12:33,055 INFO org.springframework.orm.jpa.AbstractEntityManagerFactoryBean [main] Initialized JPA EntityManagerFactory for persistence unit 'default'
2019-06-11 00:12:33,998 INFO org.springframework.web.servlet.mvc.method.annotation.RequestMappingHandlerAdapter [main] Looking for @ControllerAdvice: org.springframework.boot.context.embedded.AnnotationConfigEmbeddedWebApplicationContext@197d671: startup date [Tue Jun 11 00:12:25 IST 2019]; root of context hierarchy
2019-06-11 00:12:34,147 INFO org.springframework.web.servlet.handler.AbstractHandlerMethodMapping$MappingRegistry [main] Mapped "{[/pwpservice/balance/{cardNum}],methods=[GET],produces=[application/json]}" onto public com.barclaysbank.rewards.resource.beans.Resource_BalanceResp com.barclaysbank.rewards.resource.controller.Resource_BalanceController.getBalance(java.lang.String,java.lang.String,java.lang.String,java.lang.String,java.lang.String,java.lang.String,java.lang.String,java.lang.String,java.lang.String,java.lang.String,java.lang.String)
2019-06-11 00:12:34,151 INFO org.springframework.web.servlet.handler.AbstractHandlerMethodMapping$MappingRegistry [main] Mapped "{[/pwpservice/product/{cardNum}],methods=[GET],produces=[application/json]}" onto public com.barclaysbank.rewards.resource.beans.Resource_ProductResp com.barclaysbank.rewards.resource.controller.Resource_ProductController.getProduct(java.lang.String,java.lang.String,java.lang.String,java.lang.String,java.lang.String,java.lang.String,java.lang.String,java.lang.String,java.lang.String,java.lang.String,java.lang.String)
2019-06-11 00:12:34,153 INFO org.springframework.web.servlet.handler.AbstractHandlerMethodMapping$MappingRegistry [main] Mapped "{[/pwpservice/redeem/{cardNum}],methods=[GET],produces=[application/json]}" onto public com.barclaysbank.rewards.resource.beans.Resource_RedeemResp com.barclaysbank.rewards.resource.controller.Resource_RedeemController.getRedeem(java.lang.String,java.lang.String,java.lang.String,java.lang.String,java.lang.String,java.lang.String,java.lang.String,java.lang.String,java.lang.String,java.lang.String,java.lang.String)
2019-06-11 00:12:34,156 INFO org.springframework.web.servlet.handler.AbstractHandlerMethodMapping$MappingRegistry [main] Mapped "{[/error]}" onto public org.springframework.http.ResponseEntity<java.util.Map<java.lang.String, java.lang.Object>> org.springframework.boot.autoconfigure.web.BasicErrorController.error(javax.servlet.http.HttpServletRequest)
2019-06-11 00:12:34,158 INFO org.springframework.web.servlet.handler.AbstractHandlerMethodMapping$MappingRegistry [main] Mapped "{[/error],produces=[text/html]}" onto public org.springframework.web.servlet.ModelAndView org.springframework.boot.autoconfigure.web.BasicErrorController.errorHtml(javax.servlet.http.HttpServletRequest,javax.servlet.http.HttpServletResponse)
2019-06-11 00:12:34,226 INFO org.springframework.web.servlet.handler.AbstractUrlHandlerMapping [main] Mapped URL path [/webjars/**] onto handler of type [class org.springframework.web.servlet.resource.ResourceHttpRequestHandler]
2019-06-11 00:12:34,227 INFO org.springframework.web.servlet.handler.AbstractUrlHandlerMapping [main] Mapped URL path [/**] onto handler of type [class org.springframework.web.servlet.resource.ResourceHttpRequestHandler]
2019-06-11 00:12:34,298 INFO org.springframework.web.servlet.handler.AbstractUrlHandlerMapping [main] Mapped URL path [/**/favicon.ico] onto handler of type [class org.springframework.web.servlet.resource.ResourceHttpRequestHandler]
2019-06-11 00:12:34,828 INFO org.springframework.boot.autoconfigure.security.AuthenticationManagerConfiguration$DefaultInMemoryUserDetailsManagerConfigurer [main] 

Using default security password: 65c2e84b-bc50-47a7-83b8-2a32eb5921be

2019-06-11 00:12:34,918 INFO org.springframework.security.web.DefaultSecurityFilterChain [main] Creating filter chain: OrRequestMatcher [requestMatchers=[Ant [pattern='/css/**'], Ant [pattern='/js/**'], Ant [pattern='/images/**'], Ant [pattern='/webjars/**'], Ant [pattern='/**/favicon.ico'], Ant [pattern='/error']]], []
2019-06-11 00:12:35,073 INFO org.springframework.security.web.DefaultSecurityFilterChain [main] Creating filter chain: org.springframework.boot.autoconfigure.security.SpringBootWebSecurityConfiguration$ApplicationNoWebSecurityConfigurerAdapter$1@5ba1b62e, [org.springframework.security.web.context.request.async.WebAsyncManagerIntegrationFilter@65bd19bf, org.springframework.security.web.context.SecurityContextPersistenceFilter@2616b618, org.springframework.security.web.header.HeaderWriterFilter@204d9edf, org.springframework.security.web.csrf.CsrfFilter@7ac5b4c, org.springframework.security.web.authentication.logout.LogoutFilter@2c47a053, org.springframework.security.web.savedrequest.RequestCacheAwareFilter@7ac058a0, org.springframework.security.web.servletapi.SecurityContextHolderAwareRequestFilter@787d1f9c, org.springframework.security.web.authentication.AnonymousAuthenticationFilter@74697863, org.springframework.security.web.session.SessionManagementFilter@4b93dd6a, org.springframework.security.web.access.ExceptionTranslationFilter@53a301f3]
2019-06-11 00:12:35,384 INFO org.springframework.jmx.export.MBeanExporter [main] Registering beans for JMX exposure on startup
2019-06-11 00:12:35,408 INFO org.apache.juli.logging.DirectJDKLog [main] Starting ProtocolHandler ["http-nio-9090"]
2019-06-11 00:12:35,422 INFO org.apache.juli.logging.DirectJDKLog [main] Using a shared selector for servlet write/read
2019-06-11 00:12:35,444 INFO org.springframework.boot.context.embedded.tomcat.TomcatEmbeddedServletContainer [main] Tomcat started on port(s): 9090 (http)
2019-06-11 00:12:35,452 INFO org.springframework.boot.StartupInfoLogger [main] Started PWPServiceApplication in 9.998 seconds (JVM running for 11.726)
2019-06-11 00:14:20,898 INFO org.springframework.boot.admin.SpringApplicationAdminMXBeanRegistrar$SpringApplicationAdmin [RMI TCP Connection(2)-127.0.0.1] Application shutdown requested.
2019-06-11 00:14:20,900 INFO org.springframework.context.support.AbstractApplicationContext [RMI TCP Connection(2)-127.0.0.1] Closing org.springframework.boot.context.embedded.AnnotationConfigEmbeddedWebApplicationContext@197d671: startup date [Tue Jun 11 00:12:25 IST 2019]; root of context hierarchy
2019-06-11 00:14:20,904 INFO org.springframework.jmx.export.MBeanExporter [RMI TCP Connection(2)-127.0.0.1] Unregistering JMX-exposed beans on shutdown
2019-06-11 00:14:20,906 INFO org.springframework.orm.jpa.AbstractEntityManagerFactoryBean [RMI TCP Connection(2)-127.0.0.1] Closing JPA EntityManagerFactory for persistence unit 'default'
2019-06-11 00:14:32,064 INFO org.springframework.boot.StartupInfoLogger [main] Starting PWPServiceApplication on DESKTOP-P60AFO3 with PID 13072 (D:\Users\Avinash\git\PayWithPoint\pwp_resource_layer\target\classes started by Avinash in D:\Users\Avinash\git\PayWithPoint\pwp_resource_layer)
2019-06-11 00:14:32,069 INFO org.springframework.boot.SpringApplication [main] No active profile set, falling back to default profiles: default
2019-06-11 00:14:32,152 INFO org.springframework.context.support.AbstractApplicationContext [main] Refreshing org.springframework.boot.context.embedded.AnnotationConfigEmbeddedWebApplicationContext@197d671: startup date [Tue Jun 11 00:14:32 IST 2019]; root of context hierarchy
2019-06-11 00:14:32,378 INFO org.hibernate.validator.internal.util.Version [background-preinit] HV000001: Hibernate Validator 5.3.6.Final
2019-06-11 00:14:35,329 INFO org.springframework.context.support.PostProcessorRegistrationDelegate$BeanPostProcessorChecker [main] Bean 'org.springframework.transaction.annotation.ProxyTransactionManagementConfiguration' of type [org.springframework.transaction.annotation.ProxyTransactionManagementConfiguration$$EnhancerBySpringCGLIB$$bf78f5b2] is not eligible for getting processed by all BeanPostProcessors (for example: not eligible for auto-proxying)
2019-06-11 00:14:35,903 INFO org.springframework.boot.context.embedded.tomcat.TomcatEmbeddedServletContainer [main] Tomcat initialized with port(s): 9090 (http)
2019-06-11 00:14:35,941 INFO org.apache.juli.logging.DirectJDKLog [main] Initializing ProtocolHandler ["http-nio-9090"]
2019-06-11 00:14:35,968 INFO org.apache.juli.logging.DirectJDKLog [main] Starting service [Tomcat]
2019-06-11 00:14:35,969 INFO org.apache.juli.logging.DirectJDKLog [main] Starting Servlet Engine: Apache Tomcat/8.5.40
2019-06-11 00:14:36,224 INFO org.apache.juli.logging.DirectJDKLog [localhost-startStop-1] Initializing Spring embedded WebApplicationContext
2019-06-11 00:14:36,224 INFO org.springframework.boot.context.embedded.EmbeddedWebApplicationContext [localhost-startStop-1] Root WebApplicationContext: initialization completed in 4072 ms
2019-06-11 00:14:36,603 INFO org.springframework.boot.web.servlet.AbstractFilterRegistrationBean [localhost-startStop-1] Mapping filter: 'characterEncodingFilter' to: [/*]
2019-06-11 00:14:36,605 INFO org.springframework.boot.web.servlet.AbstractFilterRegistrationBean [localhost-startStop-1] Mapping filter: 'hiddenHttpMethodFilter' to: [/*]
2019-06-11 00:14:36,606 INFO org.springframework.boot.web.servlet.AbstractFilterRegistrationBean [localhost-startStop-1] Mapping filter: 'httpPutFormContentFilter' to: [/*]
2019-06-11 00:14:36,606 INFO org.springframework.boot.web.servlet.AbstractFilterRegistrationBean [localhost-startStop-1] Mapping filter: 'requestContextFilter' to: [/*]
2019-06-11 00:14:36,608 INFO org.springframework.boot.web.servlet.AbstractFilterRegistrationBean [localhost-startStop-1] Mapping filter: 'springSecurityFilterChain' to: [/*]
2019-06-11 00:14:36,610 INFO org.springframework.boot.web.servlet.AbstractFilterRegistrationBean [localhost-startStop-1] Mapping filter: 'correlationHeaderFilter' to urls: [/*]
2019-06-11 00:14:36,610 INFO org.springframework.boot.web.servlet.ServletRegistrationBean [localhost-startStop-1] Mapping servlet: 'dispatcherServlet' to [/]
2019-06-11 00:14:37,445 INFO org.springframework.orm.jpa.LocalContainerEntityManagerFactoryBean [main] Building JPA container EntityManagerFactory for persistence unit 'default'
2019-06-11 00:14:37,460 INFO org.hibernate.jpa.internal.util.LogHelper [main] HHH000204: Processing PersistenceUnitInfo [
	name: default
	...]
2019-06-11 00:14:37,540 INFO org.hibernate.Version [main] HHH000412: Hibernate Core {5.0.12.Final}
2019-06-11 00:14:37,544 INFO org.hibernate.cfg.Environment [main] HHH000206: hibernate.properties not found
2019-06-11 00:14:37,546 INFO org.hibernate.cfg.Environment [main] HHH000021: Bytecode provider name : javassist
2019-06-11 00:14:37,604 INFO org.hibernate.annotations.common.reflection.java.JavaReflectionManager [main] HCANN000001: Hibernate Commons Annotations {5.0.1.Final}
2019-06-11 00:14:37,755 INFO org.hibernate.dialect.Dialect [main] HHH000400: Using dialect: org.hibernate.dialect.MySQL5Dialect
2019-06-11 00:14:38,426 INFO org.hibernate.tool.hbm2ddl.SchemaUpdate [main] HHH000228: Running hbm2ddl schema update
2019-06-11 00:14:39,454 INFO org.springframework.orm.jpa.AbstractEntityManagerFactoryBean [main] Initialized JPA EntityManagerFactory for persistence unit 'default'
2019-06-11 00:14:40,410 INFO org.springframework.web.servlet.mvc.method.annotation.RequestMappingHandlerAdapter [main] Looking for @ControllerAdvice: org.springframework.boot.context.embedded.AnnotationConfigEmbeddedWebApplicationContext@197d671: startup date [Tue Jun 11 00:14:32 IST 2019]; root of context hierarchy
2019-06-11 00:14:40,524 INFO org.springframework.web.servlet.handler.AbstractHandlerMethodMapping$MappingRegistry [main] Mapped "{[/pwpservice/balance/{cardNum}],methods=[GET],produces=[application/json]}" onto public com.barclaysbank.rewards.resource.beans.Resource_BalanceResp com.barclaysbank.rewards.resource.controller.Resource_BalanceController.getBalance(java.lang.String,java.lang.String,java.lang.String,java.lang.String,java.lang.String,java.lang.String,java.lang.String,java.lang.String,java.lang.String,java.lang.String,java.lang.String)
2019-06-11 00:14:40,527 INFO org.springframework.web.servlet.handler.AbstractHandlerMethodMapping$MappingRegistry [main] Mapped "{[/pwpservice/product/{cardNum}],methods=[GET],produces=[application/json]}" onto public com.barclaysbank.rewards.resource.beans.Resource_ProductResp com.barclaysbank.rewards.resource.controller.Resource_ProductController.getProduct(java.lang.String,java.lang.String,java.lang.String,java.lang.String,java.lang.String,java.lang.String,java.lang.String,java.lang.String,java.lang.String,java.lang.String,java.lang.String)
2019-06-11 00:14:40,530 INFO org.springframework.web.servlet.handler.AbstractHandlerMethodMapping$MappingRegistry [main] Mapped "{[/pwpservice/redeem/{cardNum}],methods=[GET],produces=[application/json]}" onto public com.barclaysbank.rewards.resource.beans.Resource_RedeemResp com.barclaysbank.rewards.resource.controller.Resource_RedeemController.getRedeem(java.lang.String,java.lang.String,java.lang.String,java.lang.String,java.lang.String,java.lang.String,java.lang.String,java.lang.String,java.lang.String,java.lang.String,java.lang.String)
2019-06-11 00:14:40,533 INFO org.springframework.web.servlet.handler.AbstractHandlerMethodMapping$MappingRegistry [main] Mapped "{[/error]}" onto public org.springframework.http.ResponseEntity<java.util.Map<java.lang.String, java.lang.Object>> org.springframework.boot.autoconfigure.web.BasicErrorController.error(javax.servlet.http.HttpServletRequest)
2019-06-11 00:14:40,535 INFO org.springframework.web.servlet.handler.AbstractHandlerMethodMapping$MappingRegistry [main] Mapped "{[/error],produces=[text/html]}" onto public org.springframework.web.servlet.ModelAndView org.springframework.boot.autoconfigure.web.BasicErrorController.errorHtml(javax.servlet.http.HttpServletRequest,javax.servlet.http.HttpServletResponse)
2019-06-11 00:14:40,599 INFO org.springframework.web.servlet.handler.AbstractUrlHandlerMapping [main] Mapped URL path [/webjars/**] onto handler of type [class org.springframework.web.servlet.resource.ResourceHttpRequestHandler]
2019-06-11 00:14:40,599 INFO org.springframework.web.servlet.handler.AbstractUrlHandlerMapping [main] Mapped URL path [/**] onto handler of type [class org.springframework.web.servlet.resource.ResourceHttpRequestHandler]
2019-06-11 00:14:40,667 INFO org.springframework.web.servlet.handler.AbstractUrlHandlerMapping [main] Mapped URL path [/**/favicon.ico] onto handler of type [class org.springframework.web.servlet.resource.ResourceHttpRequestHandler]
2019-06-11 00:14:41,166 INFO org.springframework.boot.autoconfigure.security.AuthenticationManagerConfiguration$DefaultInMemoryUserDetailsManagerConfigurer [main] 

Using default security password: dcfcb105-dd12-4fb7-9d22-ca7958ea4025

2019-06-11 00:14:41,244 INFO org.springframework.security.web.DefaultSecurityFilterChain [main] Creating filter chain: OrRequestMatcher [requestMatchers=[Ant [pattern='/css/**'], Ant [pattern='/js/**'], Ant [pattern='/images/**'], Ant [pattern='/webjars/**'], Ant [pattern='/**/favicon.ico'], Ant [pattern='/error']]], []
2019-06-11 00:14:41,395 INFO org.springframework.security.web.DefaultSecurityFilterChain [main] Creating filter chain: org.springframework.boot.autoconfigure.security.SpringBootWebSecurityConfiguration$ApplicationNoWebSecurityConfigurerAdapter$1@101330ad, [org.springframework.security.web.context.request.async.WebAsyncManagerIntegrationFilter@625487a6, org.springframework.security.web.context.SecurityContextPersistenceFilter@3b57dba4, org.springframework.security.web.header.HeaderWriterFilter@67d8faec, org.springframework.security.web.csrf.CsrfFilter@4c635edc, org.springframework.security.web.authentication.logout.LogoutFilter@4cc8d70d, org.springframework.security.web.savedrequest.RequestCacheAwareFilter@3404e5c4, org.springframework.security.web.servletapi.SecurityContextHolderAwareRequestFilter@49754e74, org.springframework.security.web.authentication.AnonymousAuthenticationFilter@682e445e, org.springframework.security.web.session.SessionManagementFilter@50cbcca7, org.springframework.security.web.access.ExceptionTranslationFilter@51b87df7]
2019-06-11 00:14:41,675 INFO org.springframework.jmx.export.MBeanExporter [main] Registering beans for JMX exposure on startup
2019-06-11 00:14:41,708 INFO org.apache.juli.logging.DirectJDKLog [main] Starting ProtocolHandler ["http-nio-9090"]
2019-06-11 00:14:41,722 INFO org.apache.juli.logging.DirectJDKLog [main] Using a shared selector for servlet write/read
2019-06-11 00:14:41,745 INFO org.springframework.boot.context.embedded.tomcat.TomcatEmbeddedServletContainer [main] Tomcat started on port(s): 9090 (http)
2019-06-11 00:14:41,753 INFO org.springframework.boot.StartupInfoLogger [main] Started PWPServiceApplication in 10.069 seconds (JVM running for 11.4)
2019-06-11 00:15:11,520 INFO org.apache.juli.logging.DirectJDKLog [http-nio-9090-exec-2] Initializing Spring FrameworkServlet 'dispatcherServlet'
2019-06-11 00:15:11,522 INFO org.springframework.web.servlet.FrameworkServlet [http-nio-9090-exec-2] FrameworkServlet 'dispatcherServlet': initialization started
2019-06-11 00:15:11,567 INFO org.springframework.web.servlet.FrameworkServlet [http-nio-9090-exec-2] FrameworkServlet 'dispatcherServlet': initialization completed in 44 ms
2019-06-11 00:15:11,634 INFO com.barclaysbank.rewards.resource.controller.Resource_BalanceController [http-nio-9090-exec-2] ################## ENTER INTO BALANCE CONTROLLE  ##############
2019-06-11 00:15:11,690 INFO org.hibernate.hql.internal.QueryTranslatorFactoryInitiator [http-nio-9090-exec-2] HHH000397: Using ASTQueryTranslatorFactory
2019-06-11 00:16:16,236 INFO org.springframework.boot.admin.SpringApplicationAdminMXBeanRegistrar$SpringApplicationAdmin [RMI TCP Connection(2)-127.0.0.1] Application shutdown requested.
2019-06-11 00:16:16,238 INFO org.springframework.context.support.AbstractApplicationContext [RMI TCP Connection(2)-127.0.0.1] Closing org.springframework.boot.context.embedded.AnnotationConfigEmbeddedWebApplicationContext@197d671: startup date [Tue Jun 11 00:14:32 IST 2019]; root of context hierarchy
2019-06-11 00:16:16,242 INFO org.springframework.jmx.export.MBeanExporter [RMI TCP Connection(2)-127.0.0.1] Unregistering JMX-exposed beans on shutdown
2019-06-11 00:16:16,246 INFO org.springframework.orm.jpa.AbstractEntityManagerFactoryBean [RMI TCP Connection(2)-127.0.0.1] Closing JPA EntityManagerFactory for persistence unit 'default'
2019-06-11 00:16:27,876 INFO org.springframework.boot.StartupInfoLogger [main] Starting PWPServiceApplication on DESKTOP-P60AFO3 with PID 19508 (D:\Users\Avinash\git\PayWithPoint\pwp_resource_layer\target\classes started by Avinash in D:\Users\Avinash\git\PayWithPoint\pwp_resource_layer)
2019-06-11 00:16:27,880 INFO org.springframework.boot.SpringApplication [main] No active profile set, falling back to default profiles: default
2019-06-11 00:16:27,966 INFO org.springframework.context.support.AbstractApplicationContext [main] Refreshing org.springframework.boot.context.embedded.AnnotationConfigEmbeddedWebApplicationContext@197d671: startup date [Tue Jun 11 00:16:27 IST 2019]; root of context hierarchy
2019-06-11 00:16:28,181 INFO org.hibernate.validator.internal.util.Version [background-preinit] HV000001: Hibernate Validator 5.3.6.Final
2019-06-11 00:16:30,861 INFO org.springframework.context.support.PostProcessorRegistrationDelegate$BeanPostProcessorChecker [main] Bean 'org.springframework.transaction.annotation.ProxyTransactionManagementConfiguration' of type [org.springframework.transaction.annotation.ProxyTransactionManagementConfiguration$$EnhancerBySpringCGLIB$$eb3e7449] is not eligible for getting processed by all BeanPostProcessors (for example: not eligible for auto-proxying)
2019-06-11 00:16:31,406 INFO org.springframework.boot.context.embedded.tomcat.TomcatEmbeddedServletContainer [main] Tomcat initialized with port(s): 9090 (http)
2019-06-11 00:16:31,441 INFO org.apache.juli.logging.DirectJDKLog [main] Initializing ProtocolHandler ["http-nio-9090"]
2019-06-11 00:16:31,469 INFO org.apache.juli.logging.DirectJDKLog [main] Starting service [Tomcat]
2019-06-11 00:16:31,470 INFO org.apache.juli.logging.DirectJDKLog [main] Starting Servlet Engine: Apache Tomcat/8.5.40
2019-06-11 00:16:31,686 INFO org.apache.juli.logging.DirectJDKLog [localhost-startStop-1] Initializing Spring embedded WebApplicationContext
2019-06-11 00:16:31,686 INFO org.springframework.boot.context.embedded.EmbeddedWebApplicationContext [localhost-startStop-1] Root WebApplicationContext: initialization completed in 3720 ms
2019-06-11 00:16:32,077 INFO org.springframework.boot.web.servlet.AbstractFilterRegistrationBean [localhost-startStop-1] Mapping filter: 'characterEncodingFilter' to: [/*]
2019-06-11 00:16:32,079 INFO org.springframework.boot.web.servlet.AbstractFilterRegistrationBean [localhost-startStop-1] Mapping filter: 'hiddenHttpMethodFilter' to: [/*]
2019-06-11 00:16:32,079 INFO org.springframework.boot.web.servlet.AbstractFilterRegistrationBean [localhost-startStop-1] Mapping filter: 'httpPutFormContentFilter' to: [/*]
2019-06-11 00:16:32,079 INFO org.springframework.boot.web.servlet.AbstractFilterRegistrationBean [localhost-startStop-1] Mapping filter: 'requestContextFilter' to: [/*]
2019-06-11 00:16:32,081 INFO org.springframework.boot.web.servlet.AbstractFilterRegistrationBean [localhost-startStop-1] Mapping filter: 'springSecurityFilterChain' to: [/*]
2019-06-11 00:16:32,082 INFO org.springframework.boot.web.servlet.AbstractFilterRegistrationBean [localhost-startStop-1] Mapping filter: 'correlationHeaderFilter' to urls: [/*]
2019-06-11 00:16:32,083 INFO org.springframework.boot.web.servlet.ServletRegistrationBean [localhost-startStop-1] Mapping servlet: 'dispatcherServlet' to [/]
2019-06-11 00:16:32,841 INFO org.springframework.orm.jpa.LocalContainerEntityManagerFactoryBean [main] Building JPA container EntityManagerFactory for persistence unit 'default'
2019-06-11 00:16:32,856 INFO org.hibernate.jpa.internal.util.LogHelper [main] HHH000204: Processing PersistenceUnitInfo [
	name: default
	...]
2019-06-11 00:16:32,934 INFO org.hibernate.Version [main] HHH000412: Hibernate Core {5.0.12.Final}
2019-06-11 00:16:32,942 INFO org.hibernate.cfg.Environment [main] HHH000206: hibernate.properties not found
2019-06-11 00:16:32,944 INFO org.hibernate.cfg.Environment [main] HHH000021: Bytecode provider name : javassist
2019-06-11 00:16:33,039 INFO org.hibernate.annotations.common.reflection.java.JavaReflectionManager [main] HCANN000001: Hibernate Commons Annotations {5.0.1.Final}
2019-06-11 00:16:33,191 INFO org.hibernate.dialect.Dialect [main] HHH000400: Using dialect: org.hibernate.dialect.MySQL5Dialect
2019-06-11 00:16:33,829 INFO org.hibernate.tool.hbm2ddl.SchemaUpdate [main] HHH000228: Running hbm2ddl schema update
2019-06-11 00:16:34,783 INFO org.springframework.orm.jpa.AbstractEntityManagerFactoryBean [main] Initialized JPA EntityManagerFactory for persistence unit 'default'
2019-06-11 00:16:35,718 INFO org.springframework.web.servlet.mvc.method.annotation.RequestMappingHandlerAdapter [main] Looking for @ControllerAdvice: org.springframework.boot.context.embedded.AnnotationConfigEmbeddedWebApplicationContext@197d671: startup date [Tue Jun 11 00:16:27 IST 2019]; root of context hierarchy
2019-06-11 00:16:35,826 INFO org.springframework.web.servlet.handler.AbstractHandlerMethodMapping$MappingRegistry [main] Mapped "{[/pwpservice/balance/{cardNum}],methods=[GET],produces=[application/json]}" onto public com.barclaysbank.rewards.resource.beans.Resource_BalanceResp com.barclaysbank.rewards.resource.controller.Resource_BalanceController.getBalance(java.lang.String,java.lang.String,java.lang.String,java.lang.String,java.lang.String,java.lang.String,java.lang.String,java.lang.String,java.lang.String,java.lang.String,java.lang.String)
2019-06-11 00:16:35,828 INFO org.springframework.web.servlet.handler.AbstractHandlerMethodMapping$MappingRegistry [main] Mapped "{[/pwpservice/product/{cardNum}],methods=[GET],produces=[application/json]}" onto public com.barclaysbank.rewards.resource.beans.Resource_ProductResp com.barclaysbank.rewards.resource.controller.Resource_ProductController.getProduct(java.lang.String,java.lang.String,java.lang.String,java.lang.String,java.lang.String,java.lang.String,java.lang.String,java.lang.String,java.lang.String,java.lang.String,java.lang.String)
2019-06-11 00:16:35,830 INFO org.springframework.web.servlet.handler.AbstractHandlerMethodMapping$MappingRegistry [main] Mapped "{[/pwpservice/redeem/{cardNum}],methods=[GET],produces=[application/json]}" onto public com.barclaysbank.rewards.resource.beans.Resource_RedeemResp com.barclaysbank.rewards.resource.controller.Resource_RedeemController.getRedeem(java.lang.String,java.lang.String,java.lang.String,java.lang.String,java.lang.String,java.lang.String,java.lang.String,java.lang.String,java.lang.String,java.lang.String,java.lang.String)
2019-06-11 00:16:35,833 INFO org.springframework.web.servlet.handler.AbstractHandlerMethodMapping$MappingRegistry [main] Mapped "{[/error]}" onto public org.springframework.http.ResponseEntity<java.util.Map<java.lang.String, java.lang.Object>> org.springframework.boot.autoconfigure.web.BasicErrorController.error(javax.servlet.http.HttpServletRequest)
2019-06-11 00:16:35,835 INFO org.springframework.web.servlet.handler.AbstractHandlerMethodMapping$MappingRegistry [main] Mapped "{[/error],produces=[text/html]}" onto public org.springframework.web.servlet.ModelAndView org.springframework.boot.autoconfigure.web.BasicErrorController.errorHtml(javax.servlet.http.HttpServletRequest,javax.servlet.http.HttpServletResponse)
2019-06-11 00:16:35,905 INFO org.springframework.web.servlet.handler.AbstractUrlHandlerMapping [main] Mapped URL path [/webjars/**] onto handler of type [class org.springframework.web.servlet.resource.ResourceHttpRequestHandler]
2019-06-11 00:16:35,906 INFO org.springframework.web.servlet.handler.AbstractUrlHandlerMapping [main] Mapped URL path [/**] onto handler of type [class org.springframework.web.servlet.resource.ResourceHttpRequestHandler]
2019-06-11 00:16:35,974 INFO org.springframework.web.servlet.handler.AbstractUrlHandlerMapping [main] Mapped URL path [/**/favicon.ico] onto handler of type [class org.springframework.web.servlet.resource.ResourceHttpRequestHandler]
2019-06-11 00:16:36,494 INFO org.springframework.boot.autoconfigure.security.AuthenticationManagerConfiguration$DefaultInMemoryUserDetailsManagerConfigurer [main] 

Using default security password: f88b7f39-2212-4ef5-a72c-0193e7e4fe7f

2019-06-11 00:16:36,573 INFO org.springframework.security.web.DefaultSecurityFilterChain [main] Creating filter chain: OrRequestMatcher [requestMatchers=[Ant [pattern='/css/**'], Ant [pattern='/js/**'], Ant [pattern='/images/**'], Ant [pattern='/webjars/**'], Ant [pattern='/**/favicon.ico'], Ant [pattern='/error']]], []
2019-06-11 00:16:36,725 INFO org.springframework.security.web.DefaultSecurityFilterChain [main] Creating filter chain: org.springframework.boot.autoconfigure.security.SpringBootWebSecurityConfiguration$ApplicationNoWebSecurityConfigurerAdapter$1@26c7b1c6, [org.springframework.security.web.context.request.async.WebAsyncManagerIntegrationFilter@19526f1d, org.springframework.security.web.context.SecurityContextPersistenceFilter@49754e74, org.springframework.security.web.header.HeaderWriterFilter@3b57dba4, org.springframework.security.web.csrf.CsrfFilter@77c66a4f, org.springframework.security.web.authentication.logout.LogoutFilter@7d7ceca8, org.springframework.security.web.savedrequest.RequestCacheAwareFilter@1b46392c, org.springframework.security.web.servletapi.SecurityContextHolderAwareRequestFilter@101330ad, org.springframework.security.web.authentication.AnonymousAuthenticationFilter@3d1c933, org.springframework.security.web.session.SessionManagementFilter@7ac058a0, org.springframework.security.web.access.ExceptionTranslationFilter@50cbcca7]
2019-06-11 00:16:36,977 INFO org.springframework.jmx.export.MBeanExporter [main] Registering beans for JMX exposure on startup
2019-06-11 00:16:37,000 INFO org.apache.juli.logging.DirectJDKLog [main] Starting ProtocolHandler ["http-nio-9090"]
2019-06-11 00:16:37,014 INFO org.apache.juli.logging.DirectJDKLog [main] Using a shared selector for servlet write/read
2019-06-11 00:16:37,034 INFO org.springframework.boot.context.embedded.tomcat.TomcatEmbeddedServletContainer [main] Tomcat started on port(s): 9090 (http)
2019-06-11 00:16:37,044 INFO org.springframework.boot.StartupInfoLogger [main] Started PWPServiceApplication in 9.556 seconds (JVM running for 10.944)
2019-06-11 00:16:53,616 INFO org.apache.juli.logging.DirectJDKLog [http-nio-9090-exec-1] Initializing Spring FrameworkServlet 'dispatcherServlet'
2019-06-11 00:16:53,617 INFO org.springframework.web.servlet.FrameworkServlet [http-nio-9090-exec-1] FrameworkServlet 'dispatcherServlet': initialization started
2019-06-11 00:16:53,662 INFO org.springframework.web.servlet.FrameworkServlet [http-nio-9090-exec-1] FrameworkServlet 'dispatcherServlet': initialization completed in 43 ms
2019-06-11 00:16:53,752 INFO com.barclaysbank.rewards.resource.controller.Resource_BalanceController [http-nio-9090-exec-1] ################## ENTER INTO BALANCE CONTROLLE  ##############
2019-06-11 00:16:53,781 INFO org.hibernate.hql.internal.QueryTranslatorFactoryInitiator [http-nio-9090-exec-1] HHH000397: Using ASTQueryTranslatorFactory
2019-06-11 00:23:17,902 INFO org.springframework.boot.admin.SpringApplicationAdminMXBeanRegistrar$SpringApplicationAdmin [RMI TCP Connection(2)-127.0.0.1] Application shutdown requested.
2019-06-11 00:23:17,904 INFO org.springframework.context.support.AbstractApplicationContext [RMI TCP Connection(2)-127.0.0.1] Closing org.springframework.boot.context.embedded.AnnotationConfigEmbeddedWebApplicationContext@197d671: startup date [Tue Jun 11 00:16:27 IST 2019]; root of context hierarchy
2019-06-11 00:23:17,909 INFO org.springframework.jmx.export.MBeanExporter [RMI TCP Connection(2)-127.0.0.1] Unregistering JMX-exposed beans on shutdown
2019-06-11 00:23:17,914 INFO org.springframework.orm.jpa.AbstractEntityManagerFactoryBean [RMI TCP Connection(2)-127.0.0.1] Closing JPA EntityManagerFactory for persistence unit 'default'
2019-06-11 00:23:30,295 INFO org.springframework.boot.StartupInfoLogger [main] Starting PWPServiceApplication on DESKTOP-P60AFO3 with PID 8920 (D:\Users\Avinash\git\PayWithPoint\pwp_resource_layer\target\classes started by Avinash in D:\Users\Avinash\git\PayWithPoint\pwp_resource_layer)
2019-06-11 00:23:30,301 INFO org.springframework.boot.SpringApplication [main] No active profile set, falling back to default profiles: default
2019-06-11 00:23:30,394 INFO org.springframework.context.support.AbstractApplicationContext [main] Refreshing org.springframework.boot.context.embedded.AnnotationConfigEmbeddedWebApplicationContext@197d671: startup date [Tue Jun 11 00:23:30 IST 2019]; root of context hierarchy
2019-06-11 00:23:30,646 INFO org.hibernate.validator.internal.util.Version [background-preinit] HV000001: Hibernate Validator 5.3.6.Final
2019-06-11 00:23:33,679 INFO org.springframework.context.support.PostProcessorRegistrationDelegate$BeanPostProcessorChecker [main] Bean 'org.springframework.transaction.annotation.ProxyTransactionManagementConfiguration' of type [org.springframework.transaction.annotation.ProxyTransactionManagementConfiguration$$EnhancerBySpringCGLIB$$e6f2619f] is not eligible for getting processed by all BeanPostProcessors (for example: not eligible for auto-proxying)
2019-06-11 00:23:34,308 INFO org.springframework.boot.context.embedded.tomcat.TomcatEmbeddedServletContainer [main] Tomcat initialized with port(s): 9090 (http)
2019-06-11 00:23:34,349 INFO org.apache.juli.logging.DirectJDKLog [main] Initializing ProtocolHandler ["http-nio-9090"]
2019-06-11 00:23:34,382 INFO org.apache.juli.logging.DirectJDKLog [main] Starting service [Tomcat]
2019-06-11 00:23:34,384 INFO org.apache.juli.logging.DirectJDKLog [main] Starting Servlet Engine: Apache Tomcat/8.5.40
2019-06-11 00:23:34,651 INFO org.apache.juli.logging.DirectJDKLog [localhost-startStop-1] Initializing Spring embedded WebApplicationContext
2019-06-11 00:23:34,651 INFO org.springframework.boot.context.embedded.EmbeddedWebApplicationContext [localhost-startStop-1] Root WebApplicationContext: initialization completed in 4258 ms
2019-06-11 00:23:35,071 INFO org.springframework.boot.web.servlet.AbstractFilterRegistrationBean [localhost-startStop-1] Mapping filter: 'characterEncodingFilter' to: [/*]
2019-06-11 00:23:35,073 INFO org.springframework.boot.web.servlet.AbstractFilterRegistrationBean [localhost-startStop-1] Mapping filter: 'hiddenHttpMethodFilter' to: [/*]
2019-06-11 00:23:35,073 INFO org.springframework.boot.web.servlet.AbstractFilterRegistrationBean [localhost-startStop-1] Mapping filter: 'httpPutFormContentFilter' to: [/*]
2019-06-11 00:23:35,073 INFO org.springframework.boot.web.servlet.AbstractFilterRegistrationBean [localhost-startStop-1] Mapping filter: 'requestContextFilter' to: [/*]
2019-06-11 00:23:35,075 INFO org.springframework.boot.web.servlet.AbstractFilterRegistrationBean [localhost-startStop-1] Mapping filter: 'springSecurityFilterChain' to: [/*]
2019-06-11 00:23:35,077 INFO org.springframework.boot.web.servlet.AbstractFilterRegistrationBean [localhost-startStop-1] Mapping filter: 'correlationHeaderFilter' to urls: [/*]
2019-06-11 00:23:35,077 INFO org.springframework.boot.web.servlet.ServletRegistrationBean [localhost-startStop-1] Mapping servlet: 'dispatcherServlet' to [/]
2019-06-11 00:23:35,989 INFO org.springframework.orm.jpa.LocalContainerEntityManagerFactoryBean [main] Building JPA container EntityManagerFactory for persistence unit 'default'
2019-06-11 00:23:36,007 INFO org.hibernate.jpa.internal.util.LogHelper [main] HHH000204: Processing PersistenceUnitInfo [
	name: default
	...]
2019-06-11 00:23:36,102 INFO org.hibernate.Version [main] HHH000412: Hibernate Core {5.0.12.Final}
2019-06-11 00:23:36,106 INFO org.hibernate.cfg.Environment [main] HHH000206: hibernate.properties not found
2019-06-11 00:23:36,107 INFO org.hibernate.cfg.Environment [main] HHH000021: Bytecode provider name : javassist
2019-06-11 00:23:36,171 INFO org.hibernate.annotations.common.reflection.java.JavaReflectionManager [main] HCANN000001: Hibernate Commons Annotations {5.0.1.Final}
2019-06-11 00:23:36,348 INFO org.hibernate.dialect.Dialect [main] HHH000400: Using dialect: org.hibernate.dialect.MySQL5Dialect
2019-06-11 00:23:37,110 INFO org.hibernate.tool.hbm2ddl.SchemaUpdate [main] HHH000228: Running hbm2ddl schema update
2019-06-11 00:23:38,573 INFO org.springframework.orm.jpa.AbstractEntityManagerFactoryBean [main] Initialized JPA EntityManagerFactory for persistence unit 'default'
2019-06-11 00:23:39,974 INFO org.springframework.web.servlet.mvc.method.annotation.RequestMappingHandlerAdapter [main] Looking for @ControllerAdvice: org.springframework.boot.context.embedded.AnnotationConfigEmbeddedWebApplicationContext@197d671: startup date [Tue Jun 11 00:23:30 IST 2019]; root of context hierarchy
2019-06-11 00:23:40,103 INFO org.springframework.web.servlet.handler.AbstractHandlerMethodMapping$MappingRegistry [main] Mapped "{[/pwpservice/balance/{cardNum}],methods=[GET],produces=[application/json]}" onto public com.barclaysbank.rewards.resource.beans.Resource_BalanceResp com.barclaysbank.rewards.resource.controller.Resource_BalanceController.getBalance(java.lang.String,java.lang.String,java.lang.String,java.lang.String,java.lang.String,java.lang.String,java.lang.String,java.lang.String,java.lang.String,java.lang.String,java.lang.String)
2019-06-11 00:23:40,107 INFO org.springframework.web.servlet.handler.AbstractHandlerMethodMapping$MappingRegistry [main] Mapped "{[/pwpservice/product/{cardNum}],methods=[GET],produces=[application/json]}" onto public com.barclaysbank.rewards.resource.beans.Resource_ProductResp com.barclaysbank.rewards.resource.controller.Resource_ProductController.getProduct(java.lang.String,java.lang.String,java.lang.String,java.lang.String,java.lang.String,java.lang.String,java.lang.String,java.lang.String,java.lang.String,java.lang.String,java.lang.String)
2019-06-11 00:23:40,109 INFO org.springframework.web.servlet.handler.AbstractHandlerMethodMapping$MappingRegistry [main] Mapped "{[/pwpservice/redeem/{cardNum}],methods=[GET],produces=[application/json]}" onto public com.barclaysbank.rewards.resource.beans.Resource_RedeemResp com.barclaysbank.rewards.resource.controller.Resource_RedeemController.getRedeem(java.lang.String,java.lang.String,java.lang.String,java.lang.String,java.lang.String,java.lang.String,java.lang.String,java.lang.String,java.lang.String,java.lang.String,java.lang.String)
2019-06-11 00:23:40,113 INFO org.springframework.web.servlet.handler.AbstractHandlerMethodMapping$MappingRegistry [main] Mapped "{[/error]}" onto public org.springframework.http.ResponseEntity<java.util.Map<java.lang.String, java.lang.Object>> org.springframework.boot.autoconfigure.web.BasicErrorController.error(javax.servlet.http.HttpServletRequest)
2019-06-11 00:23:40,117 INFO org.springframework.web.servlet.handler.AbstractHandlerMethodMapping$MappingRegistry [main] Mapped "{[/error],produces=[text/html]}" onto public org.springframework.web.servlet.ModelAndView org.springframework.boot.autoconfigure.web.BasicErrorController.errorHtml(javax.servlet.http.HttpServletRequest,javax.servlet.http.HttpServletResponse)
2019-06-11 00:23:40,188 INFO org.springframework.web.servlet.handler.AbstractUrlHandlerMapping [main] Mapped URL path [/webjars/**] onto handler of type [class org.springframework.web.servlet.resource.ResourceHttpRequestHandler]
2019-06-11 00:23:40,188 INFO org.springframework.web.servlet.handler.AbstractUrlHandlerMapping [main] Mapped URL path [/**] onto handler of type [class org.springframework.web.servlet.resource.ResourceHttpRequestHandler]
2019-06-11 00:23:40,263 INFO org.springframework.web.servlet.handler.AbstractUrlHandlerMapping [main] Mapped URL path [/**/favicon.ico] onto handler of type [class org.springframework.web.servlet.resource.ResourceHttpRequestHandler]
2019-06-11 00:23:40,843 INFO org.springframework.boot.autoconfigure.security.AuthenticationManagerConfiguration$DefaultInMemoryUserDetailsManagerConfigurer [main] 

Using default security password: aeba55f9-4fed-4736-93b3-dd50fec94f57

2019-06-11 00:23:40,939 INFO org.springframework.security.web.DefaultSecurityFilterChain [main] Creating filter chain: OrRequestMatcher [requestMatchers=[Ant [pattern='/css/**'], Ant [pattern='/js/**'], Ant [pattern='/images/**'], Ant [pattern='/webjars/**'], Ant [pattern='/**/favicon.ico'], Ant [pattern='/error']]], []
2019-06-11 00:23:41,110 INFO org.springframework.security.web.DefaultSecurityFilterChain [main] Creating filter chain: org.springframework.boot.autoconfigure.security.SpringBootWebSecurityConfiguration$ApplicationNoWebSecurityConfigurerAdapter$1@38811103, [org.springframework.security.web.context.request.async.WebAsyncManagerIntegrationFilter@787d1f9c, org.springframework.security.web.context.SecurityContextPersistenceFilter@62cf6a84, org.springframework.security.web.header.HeaderWriterFilter@5fb5ad40, org.springframework.security.web.csrf.CsrfFilter@10ed037a, org.springframework.security.web.authentication.logout.LogoutFilter@1eb9bf60, org.springframework.security.web.savedrequest.RequestCacheAwareFilter@6b2aafbc, org.springframework.security.web.servletapi.SecurityContextHolderAwareRequestFilter@2b0454d2, org.springframework.security.web.authentication.AnonymousAuthenticationFilter@2becfd4c, org.springframework.security.web.session.SessionManagementFilter@4d81e83a, org.springframework.security.web.access.ExceptionTranslationFilter@649b5891]
2019-06-11 00:23:41,439 INFO org.springframework.jmx.export.MBeanExporter [main] Registering beans for JMX exposure on startup
2019-06-11 00:23:41,492 INFO org.apache.juli.logging.DirectJDKLog [main] Starting ProtocolHandler ["http-nio-9090"]
2019-06-11 00:23:41,531 INFO org.apache.juli.logging.DirectJDKLog [main] Using a shared selector for servlet write/read
2019-06-11 00:23:41,559 INFO org.springframework.boot.context.embedded.tomcat.TomcatEmbeddedServletContainer [main] Tomcat started on port(s): 9090 (http)
2019-06-11 00:23:41,568 INFO org.springframework.boot.StartupInfoLogger [main] Started PWPServiceApplication in 11.755 seconds (JVM running for 13.463)
2019-06-11 00:27:29,473 INFO org.apache.juli.logging.DirectJDKLog [http-nio-9090-exec-3] Initializing Spring FrameworkServlet 'dispatcherServlet'
2019-06-11 00:27:29,474 INFO org.springframework.web.servlet.FrameworkServlet [http-nio-9090-exec-3] FrameworkServlet 'dispatcherServlet': initialization started
2019-06-11 00:27:29,538 INFO org.springframework.web.servlet.FrameworkServlet [http-nio-9090-exec-3] FrameworkServlet 'dispatcherServlet': initialization completed in 62 ms
2019-06-11 00:27:29,619 INFO com.barclaysbank.rewards.resource.controller.Resource_BalanceController [http-nio-9090-exec-3] ################## ENTER INTO BALANCE CONTROLLE  ##############
2019-06-11 00:27:29,652 INFO org.hibernate.hql.internal.QueryTranslatorFactoryInitiator [http-nio-9090-exec-3] HHH000397: Using ASTQueryTranslatorFactory
2019-06-11 00:32:46,284 INFO org.springframework.boot.admin.SpringApplicationAdminMXBeanRegistrar$SpringApplicationAdmin [RMI TCP Connection(2)-127.0.0.1] Application shutdown requested.
2019-06-11 00:32:46,285 INFO org.springframework.context.support.AbstractApplicationContext [RMI TCP Connection(2)-127.0.0.1] Closing org.springframework.boot.context.embedded.AnnotationConfigEmbeddedWebApplicationContext@197d671: startup date [Tue Jun 11 00:23:30 IST 2019]; root of context hierarchy
2019-06-11 00:32:46,292 INFO org.springframework.jmx.export.MBeanExporter [RMI TCP Connection(2)-127.0.0.1] Unregistering JMX-exposed beans on shutdown
2019-06-11 00:32:46,298 INFO org.springframework.orm.jpa.AbstractEntityManagerFactoryBean [RMI TCP Connection(2)-127.0.0.1] Closing JPA EntityManagerFactory for persistence unit 'default'
2019-06-11 00:33:03,494 INFO org.springframework.boot.StartupInfoLogger [main] Starting PWPServiceApplication on DESKTOP-P60AFO3 with PID 10132 (D:\Users\Avinash\git\PayWithPoint\pwp_resource_layer\target\classes started by Avinash in D:\Users\Avinash\git\PayWithPoint\pwp_resource_layer)
2019-06-11 00:33:03,499 INFO org.springframework.boot.SpringApplication [main] No active profile set, falling back to default profiles: default
2019-06-11 00:33:15,009 INFO org.springframework.boot.StartupInfoLogger [main] Started PWPServiceApplication in 11.945 seconds (JVM running for 13.703)
2019-06-11 00:33:22,655 INFO com.barclaysbank.rewards.resource.controller.Resource_BalanceController [http-nio-9090-exec-2] ################## ENTER INTO BALANCE CONTROLLE  ##############
2019-06-11 00:35:31,297 INFO org.springframework.boot.StartupInfoLogger [main] Starting PWPServiceApplication on DESKTOP-P60AFO3 with PID 16560 (D:\Users\Avinash\git\PayWithPoint\pwp_resource_layer\target\classes started by Avinash in D:\Users\Avinash\git\PayWithPoint\pwp_resource_layer)
2019-06-11 00:35:31,302 INFO org.springframework.boot.SpringApplication [main] No active profile set, falling back to default profiles: default
2019-06-11 00:35:31,424 INFO org.springframework.context.support.AbstractApplicationContext [main] Refreshing org.springframework.boot.context.embedded.AnnotationConfigEmbeddedWebApplicationContext@197d671: startup date [Tue Jun 11 00:35:31 IST 2019]; root of context hierarchy
2019-06-11 00:35:31,707 INFO org.hibernate.validator.internal.util.Version [background-preinit] HV000001: Hibernate Validator 5.3.6.Final
2019-06-11 00:35:34,419 INFO org.springframework.context.support.PostProcessorRegistrationDelegate$BeanPostProcessorChecker [main] Bean 'org.springframework.transaction.annotation.ProxyTransactionManagementConfiguration' of type [org.springframework.transaction.annotation.ProxyTransactionManagementConfiguration$$EnhancerBySpringCGLIB$$58a813e2] is not eligible for getting processed by all BeanPostProcessors (for example: not eligible for auto-proxying)
2019-06-11 00:35:35,086 INFO org.springframework.boot.context.embedded.tomcat.TomcatEmbeddedServletContainer [main] Tomcat initialized with port(s): 9090 (http)
2019-06-11 00:35:35,180 INFO org.apache.juli.logging.DirectJDKLog [main] Initializing ProtocolHandler ["http-nio-9090"]
2019-06-11 00:35:35,245 INFO org.apache.juli.logging.DirectJDKLog [main] Starting service [Tomcat]
2019-06-11 00:35:35,247 INFO org.apache.juli.logging.DirectJDKLog [main] Starting Servlet Engine: Apache Tomcat/8.5.40
2019-06-11 00:35:35,583 INFO org.apache.juli.logging.DirectJDKLog [localhost-startStop-1] Initializing Spring embedded WebApplicationContext
2019-06-11 00:35:35,584 INFO org.springframework.boot.context.embedded.EmbeddedWebApplicationContext [localhost-startStop-1] Root WebApplicationContext: initialization completed in 4160 ms
2019-06-11 00:35:36,017 INFO org.springframework.boot.web.servlet.AbstractFilterRegistrationBean [localhost-startStop-1] Mapping filter: 'characterEncodingFilter' to: [/*]
2019-06-11 00:35:36,020 INFO org.springframework.boot.web.servlet.AbstractFilterRegistrationBean [localhost-startStop-1] Mapping filter: 'hiddenHttpMethodFilter' to: [/*]
2019-06-11 00:35:36,020 INFO org.springframework.boot.web.servlet.AbstractFilterRegistrationBean [localhost-startStop-1] Mapping filter: 'httpPutFormContentFilter' to: [/*]
2019-06-11 00:35:36,020 INFO org.springframework.boot.web.servlet.AbstractFilterRegistrationBean [localhost-startStop-1] Mapping filter: 'requestContextFilter' to: [/*]
2019-06-11 00:35:36,023 INFO org.springframework.boot.web.servlet.AbstractFilterRegistrationBean [localhost-startStop-1] Mapping filter: 'springSecurityFilterChain' to: [/*]
2019-06-11 00:35:36,024 INFO org.springframework.boot.web.servlet.AbstractFilterRegistrationBean [localhost-startStop-1] Mapping filter: 'correlationHeaderFilter' to urls: [/*]
2019-06-11 00:35:36,025 INFO org.springframework.boot.web.servlet.ServletRegistrationBean [localhost-startStop-1] Mapping servlet: 'dispatcherServlet' to [/]
2019-06-11 00:35:36,946 INFO org.springframework.orm.jpa.LocalContainerEntityManagerFactoryBean [main] Building JPA container EntityManagerFactory for persistence unit 'default'
2019-06-11 00:35:36,964 INFO org.hibernate.jpa.internal.util.LogHelper [main] HHH000204: Processing PersistenceUnitInfo [
	name: default
	...]
2019-06-11 00:35:37,060 INFO org.hibernate.Version [main] HHH000412: Hibernate Core {5.0.12.Final}
2019-06-11 00:35:37,064 INFO org.hibernate.cfg.Environment [main] HHH000206: hibernate.properties not found
2019-06-11 00:35:37,066 INFO org.hibernate.cfg.Environment [main] HHH000021: Bytecode provider name : javassist
2019-06-11 00:35:37,143 INFO org.hibernate.annotations.common.reflection.java.JavaReflectionManager [main] HCANN000001: Hibernate Commons Annotations {5.0.1.Final}
2019-06-11 00:35:37,318 INFO org.hibernate.dialect.Dialect [main] HHH000400: Using dialect: org.hibernate.dialect.MySQL5Dialect
2019-06-11 00:35:38,095 INFO org.hibernate.tool.hbm2ddl.SchemaUpdate [main] HHH000228: Running hbm2ddl schema update
2019-06-11 00:35:39,783 INFO org.springframework.orm.jpa.AbstractEntityManagerFactoryBean [main] Initialized JPA EntityManagerFactory for persistence unit 'default'
2019-06-11 00:35:41,205 INFO org.springframework.web.servlet.mvc.method.annotation.RequestMappingHandlerAdapter [main] Looking for @ControllerAdvice: org.springframework.boot.context.embedded.AnnotationConfigEmbeddedWebApplicationContext@197d671: startup date [Tue Jun 11 00:35:31 IST 2019]; root of context hierarchy
2019-06-11 00:35:41,332 INFO org.springframework.web.servlet.handler.AbstractHandlerMethodMapping$MappingRegistry [main] Mapped "{[/pwpservice/balance/{cardNum}],methods=[GET],produces=[application/json]}" onto public com.barclaysbank.rewards.resource.beans.Resource_BalanceResp com.barclaysbank.rewards.resource.controller.Resource_BalanceController.getBalance(java.lang.String,java.lang.String,java.lang.String,java.lang.String,java.lang.String,java.lang.String,java.lang.String,java.lang.String,java.lang.String,java.lang.String,java.lang.String)
2019-06-11 00:35:41,336 INFO org.springframework.web.servlet.handler.AbstractHandlerMethodMapping$MappingRegistry [main] Mapped "{[/pwpservice/product/{cardNum}],methods=[GET],produces=[application/json]}" onto public com.barclaysbank.rewards.resource.beans.Resource_ProductResp com.barclaysbank.rewards.resource.controller.Resource_ProductController.getProduct(java.lang.String,java.lang.String,java.lang.String,java.lang.String,java.lang.String,java.lang.String,java.lang.String,java.lang.String,java.lang.String,java.lang.String,java.lang.String)
2019-06-11 00:35:41,340 INFO org.springframework.web.servlet.handler.AbstractHandlerMethodMapping$MappingRegistry [main] Mapped "{[/pwpservice/redeem/{cardNum}],methods=[GET],produces=[application/json]}" onto public com.barclaysbank.rewards.resource.beans.Resource_RedeemResp com.barclaysbank.rewards.resource.controller.Resource_RedeemController.getRedeem(java.lang.String,java.lang.String,java.lang.String,java.lang.String,java.lang.String,java.lang.String,java.lang.String,java.lang.String,java.lang.String,java.lang.String,java.lang.String)
2019-06-11 00:35:41,344 INFO org.springframework.web.servlet.handler.AbstractHandlerMethodMapping$MappingRegistry [main] Mapped "{[/error]}" onto public org.springframework.http.ResponseEntity<java.util.Map<java.lang.String, java.lang.Object>> org.springframework.boot.autoconfigure.web.BasicErrorController.error(javax.servlet.http.HttpServletRequest)
2019-06-11 00:35:41,347 INFO org.springframework.web.servlet.handler.AbstractHandlerMethodMapping$MappingRegistry [main] Mapped "{[/error],produces=[text/html]}" onto public org.springframework.web.servlet.ModelAndView org.springframework.boot.autoconfigure.web.BasicErrorController.errorHtml(javax.servlet.http.HttpServletRequest,javax.servlet.http.HttpServletResponse)
2019-06-11 00:35:41,426 INFO org.springframework.web.servlet.handler.AbstractUrlHandlerMapping [main] Mapped URL path [/webjars/**] onto handler of type [class org.springframework.web.servlet.resource.ResourceHttpRequestHandler]
2019-06-11 00:35:41,426 INFO org.springframework.web.servlet.handler.AbstractUrlHandlerMapping [main] Mapped URL path [/**] onto handler of type [class org.springframework.web.servlet.resource.ResourceHttpRequestHandler]
2019-06-11 00:35:41,503 INFO org.springframework.web.servlet.handler.AbstractUrlHandlerMapping [main] Mapped URL path [/**/favicon.ico] onto handler of type [class org.springframework.web.servlet.resource.ResourceHttpRequestHandler]
2019-06-11 00:35:42,080 INFO org.springframework.boot.autoconfigure.security.AuthenticationManagerConfiguration$DefaultInMemoryUserDetailsManagerConfigurer [main] 

Using default security password: 691a3c03-5bb5-438a-8ec3-58d0f5a36f25

2019-06-11 00:35:42,186 INFO org.springframework.security.web.DefaultSecurityFilterChain [main] Creating filter chain: OrRequestMatcher [requestMatchers=[Ant [pattern='/css/**'], Ant [pattern='/js/**'], Ant [pattern='/images/**'], Ant [pattern='/webjars/**'], Ant [pattern='/**/favicon.ico'], Ant [pattern='/error']]], []
2019-06-11 00:35:42,368 INFO org.springframework.security.web.DefaultSecurityFilterChain [main] Creating filter chain: org.springframework.boot.autoconfigure.security.SpringBootWebSecurityConfiguration$ApplicationNoWebSecurityConfigurerAdapter$1@70fede7d, [org.springframework.security.web.context.request.async.WebAsyncManagerIntegrationFilter@36510e73, org.springframework.security.web.context.SecurityContextPersistenceFilter@42d9e8d2, org.springframework.security.web.header.HeaderWriterFilter@4d81e83a, org.springframework.security.web.csrf.CsrfFilter@3cc9632d, org.springframework.security.web.authentication.logout.LogoutFilter@682e445e, org.springframework.security.web.savedrequest.RequestCacheAwareFilter@582a3b19, org.springframework.security.web.servletapi.SecurityContextHolderAwareRequestFilter@6f15f52a, org.springframework.security.web.authentication.AnonymousAuthenticationFilter@2c47a053, org.springframework.security.web.session.SessionManagementFilter@35f7969d, org.springframework.security.web.access.ExceptionTranslationFilter@751d7425]
2019-06-11 00:35:42,676 INFO org.springframework.jmx.export.MBeanExporter [main] Registering beans for JMX exposure on startup
2019-06-11 00:35:42,701 INFO org.apache.juli.logging.DirectJDKLog [main] Starting ProtocolHandler ["http-nio-9090"]
2019-06-11 00:35:42,719 INFO org.apache.juli.logging.DirectJDKLog [main] Using a shared selector for servlet write/read
2019-06-11 00:35:42,746 INFO org.springframework.boot.context.embedded.tomcat.TomcatEmbeddedServletContainer [main] Tomcat started on port(s): 9090 (http)
2019-06-11 00:35:42,755 INFO org.springframework.boot.StartupInfoLogger [main] Started PWPServiceApplication in 11.881 seconds (JVM running for 13.619)
2019-06-11 00:36:02,904 INFO org.apache.juli.logging.DirectJDKLog [http-nio-9090-exec-2] Initializing Spring FrameworkServlet 'dispatcherServlet'
2019-06-11 00:36:02,906 INFO org.springframework.web.servlet.FrameworkServlet [http-nio-9090-exec-2] FrameworkServlet 'dispatcherServlet': initialization started
2019-06-11 00:36:02,958 INFO org.springframework.web.servlet.FrameworkServlet [http-nio-9090-exec-2] FrameworkServlet 'dispatcherServlet': initialization completed in 51 ms
2019-06-11 00:36:03,053 INFO com.barclaysbank.rewards.resource.controller.Resource_BalanceController [http-nio-9090-exec-2] ################## ENTER INTO BALANCE CONTROLLE  ##############
2019-06-11 00:36:03,083 INFO org.hibernate.hql.internal.QueryTranslatorFactoryInitiator [http-nio-9090-exec-2] HHH000397: Using ASTQueryTranslatorFactory
2019-06-11 00:36:24,832 INFO org.springframework.boot.admin.SpringApplicationAdminMXBeanRegistrar$SpringApplicationAdmin [RMI TCP Connection(2)-127.0.0.1] Application shutdown requested.
2019-06-11 00:36:24,832 INFO org.springframework.context.support.AbstractApplicationContext [RMI TCP Connection(2)-127.0.0.1] Closing org.springframework.boot.context.embedded.AnnotationConfigEmbeddedWebApplicationContext@197d671: startup date [Tue Jun 11 00:35:31 IST 2019]; root of context hierarchy
2019-06-11 00:36:24,837 INFO org.springframework.jmx.export.MBeanExporter [RMI TCP Connection(2)-127.0.0.1] Unregistering JMX-exposed beans on shutdown
2019-06-11 00:36:24,843 INFO org.springframework.orm.jpa.AbstractEntityManagerFactoryBean [RMI TCP Connection(2)-127.0.0.1] Closing JPA EntityManagerFactory for persistence unit 'default'
2019-06-11 00:36:49,310 INFO org.springframework.boot.StartupInfoLogger [main] Starting PWPServiceApplication on DESKTOP-P60AFO3 with PID 21708 (D:\Users\Avinash\git\PayWithPoint\pwp_resource_layer\target\classes started by Avinash in D:\Users\Avinash\git\PayWithPoint\pwp_resource_layer)
2019-06-11 00:36:49,316 INFO org.springframework.boot.SpringApplication [main] No active profile set, falling back to default profiles: default
2019-06-11 00:36:59,955 INFO org.springframework.boot.StartupInfoLogger [main] Started PWPServiceApplication in 11.144 seconds (JVM running for 12.822)
2019-06-11 00:37:01,540 INFO com.barclaysbank.rewards.resource.controller.Resource_BalanceController [http-nio-9090-exec-1] ################## ENTER INTO BALANCE CONTROLLE  ##############
2019-06-11 01:09:12,148 INFO org.springframework.boot.StartupInfoLogger [main] Starting PWPServiceApplication on DESKTOP-P60AFO3 with PID 9956 (D:\Users\Avinash\git\PayWithPoint\pwp_resource_layer\target\classes started by Avinash in D:\Users\Avinash\git\PayWithPoint\pwp_resource_layer)
2019-06-11 01:09:12,153 INFO org.springframework.boot.SpringApplication [main] No active profile set, falling back to default profiles: default
2019-06-11 01:09:21,609 INFO org.springframework.boot.StartupInfoLogger [main] Started PWPServiceApplication in 9.867 seconds (JVM running for 11.274)
2019-06-11 14:23:38,638 INFO org.springframework.boot.StartupInfoLogger [main] Starting Resource_BalanceControllerTest on DESKTOP-P60AFO3 with PID 21708 (started by Avinash in D:\Users\Avinash\git\PayWithPoint\pwp_resource_layer)
2019-06-11 14:23:38,643 INFO org.springframework.boot.SpringApplication [main] No active profile set, falling back to default profiles: default
2019-06-11 14:23:42,687 INFO org.springframework.boot.StartupInfoLogger [main] Started Resource_BalanceControllerTest in 4.654 seconds (JVM running for 7.036)
2019-06-11 14:23:42,931 ERROR com.barclaysbank.rewards.resource.builder.Resource_BalanceRespBuilder [main] #### ENTER INTO ResourceBalanceRespBuilder ####
2019-06-11 14:23:42,934 INFO com.barclaysbank.rewards.resource.controller.Resource_BalanceController [main] #### Exit from getBalance()  #### Resource_BalanceResp : Resource_BalanceResp [balInfo=Resource_BalanceInfo [availablePts=14578, earnedPts=65478, usedPts=968574, pendingPts=154879], statusBlock=Resource_StatusBlock [respCode=0, respMsg=Success, errorCode=null, errorMsg=null]]####
2019-06-11 14:23:43,284 INFO org.springframework.boot.StartupInfoLogger [main] Starting Resource_ProductControllerTest on DESKTOP-P60AFO3 with PID 21708 (started by Avinash in D:\Users\Avinash\git\PayWithPoint\pwp_resource_layer)
2019-06-11 14:23:43,285 INFO org.springframework.boot.SpringApplication [main] No active profile set, falling back to default profiles: default
2019-06-11 14:23:44,661 INFO org.springframework.boot.StartupInfoLogger [main] Started Resource_ProductControllerTest in 1.475 seconds (JVM running for 9.011)
2019-06-11 14:23:44,692 INFO com.barclaysbank.rewards.resource.controller.Resource_ProductController [main] #### Enter into getProduct() ####
2019-06-11 14:23:44,716 INFO com.barclaysbank.rewards.resource.controller.Resource_ProductController [main] #### Exit from getProduct()  #### Resource_ProductResp : Resource_ProductResp [statusBlock=Resource_StatusBlock [respCode=0, respMsg=Success, errorCode=null, errorMsg=null], productList=[Resource_ProductInfo [name=Keybord, description=Wireless with 10m range, price=600.0, vendorName=Lenevo], Resource_ProductInfo [name=Mouse, description=Wire 1000dpi range, price=500.0, vendorName=Longitech]]] ####
2019-06-11 14:23:44,894 INFO org.springframework.boot.StartupInfoLogger [main] Starting Resource_RedeemControllerTest on DESKTOP-P60AFO3 with PID 21708 (started by Avinash in D:\Users\Avinash\git\PayWithPoint\pwp_resource_layer)
2019-06-11 14:23:44,896 INFO org.springframework.boot.SpringApplication [main] No active profile set, falling back to default profiles: default
2019-06-11 14:23:46,134 INFO org.springframework.boot.StartupInfoLogger [main] Started Resource_RedeemControllerTest in 1.324 seconds (JVM running for 10.483)
2019-06-11 14:23:46,167 INFO com.barclaysbank.rewards.resource.controller.Resource_RedeemController [main] #### Enter into getRedeem()  ####
2019-06-11 14:23:46,189 INFO com.barclaysbank.rewards.resource.controller.Resource_RedeemController [main] #### Exit from getRedeem()  #### Resource_ProductResp : Resource_RedeemResp [statusBlock=Resource_StatusBlock [respCode=0, respMsg=Success, errorCode=null, errorMsg=null], redeemInfoList=[Resource_RedeemInfo [orderId=1, purchaseDate=Thu Jan 01 05:30:02 IST 1970, deliveryDate=Thu Jan 01 05:30:02 IST 1970, productName=Mouse, price=300.0], Resource_RedeemInfo [orderId=2, purchaseDate=Thu Jan 01 05:30:01 IST 1970, deliveryDate=Thu Jan 01 05:30:01 IST 1970, productName=Keybord, price=500.0]]] ####
2019-06-11 14:25:25,940 INFO org.springframework.boot.StartupInfoLogger [main] Starting Resource_BalanceControllerTest on DESKTOP-P60AFO3 with PID 6864 (started by Avinash in D:\Users\Avinash\git\PayWithPoint\pwp_resource_layer)
2019-06-11 14:25:25,945 INFO org.springframework.boot.SpringApplication [main] No active profile set, falling back to default profiles: default
2019-06-11 14:25:29,863 INFO org.springframework.boot.StartupInfoLogger [main] Started Resource_BalanceControllerTest in 4.504 seconds (JVM running for 7.172)
2019-06-11 14:25:30,075 ERROR com.barclaysbank.rewards.resource.builder.Resource_BalanceRespBuilder [main] #### ENTER INTO ResourceBalanceRespBuilder ####
2019-06-11 14:25:30,080 INFO com.barclaysbank.rewards.resource.controller.Resource_BalanceController [main] #### Exit from getBalance()  #### Resource_BalanceResp : Resource_BalanceResp [balInfo=Resource_BalanceInfo [availablePts=14578, earnedPts=65478, usedPts=968574, pendingPts=154879], statusBlock=Resource_StatusBlock [respCode=0, respMsg=Success, errorCode=null, errorMsg=null]]####
2019-06-11 14:25:30,415 INFO org.springframework.boot.StartupInfoLogger [main] Starting Resource_ProductControllerTest on DESKTOP-P60AFO3 with PID 6864 (started by Avinash in D:\Users\Avinash\git\PayWithPoint\pwp_resource_layer)
2019-06-11 14:25:30,417 INFO org.springframework.boot.SpringApplication [main] No active profile set, falling back to default profiles: default
2019-06-11 14:25:31,813 INFO org.springframework.boot.StartupInfoLogger [main] Started Resource_ProductControllerTest in 1.503 seconds (JVM running for 9.122)
2019-06-11 14:25:31,846 INFO com.barclaysbank.rewards.resource.controller.Resource_ProductController [main] #### Enter into getProduct() ####
2019-06-11 14:25:31,868 INFO com.barclaysbank.rewards.resource.controller.Resource_ProductController [main] #### Exit from getProduct()  #### Resource_ProductResp : Resource_ProductResp [statusBlock=Resource_StatusBlock [respCode=0, respMsg=Success, errorCode=null, errorMsg=null], productList=[Resource_ProductInfo [name=Keybord, description=Wireless with 10m range, price=600.0, vendorName=Lenevo], Resource_ProductInfo [name=Mouse, description=Wire 1000dpi range, price=500.0, vendorName=Longitech]]] ####
2019-06-11 14:25:32,118 INFO org.springframework.boot.StartupInfoLogger [main] Starting Resource_RedeemControllerTest on DESKTOP-P60AFO3 with PID 6864 (started by Avinash in D:\Users\Avinash\git\PayWithPoint\pwp_resource_layer)
2019-06-11 14:25:32,119 INFO org.springframework.boot.SpringApplication [main] No active profile set, falling back to default profiles: default
2019-06-11 14:25:33,275 INFO org.springframework.boot.StartupInfoLogger [main] Started Resource_RedeemControllerTest in 1.245 seconds (JVM running for 10.585)
2019-06-11 14:25:33,300 INFO com.barclaysbank.rewards.resource.controller.Resource_RedeemController [main] #### Enter into getRedeem()  ####
2019-06-11 14:25:33,329 INFO com.barclaysbank.rewards.resource.controller.Resource_RedeemController [main] #### Exit from getRedeem()  #### Resource_ProductResp : Resource_RedeemResp [statusBlock=Resource_StatusBlock [respCode=0, respMsg=Success, errorCode=null, errorMsg=null], redeemInfoList=[Resource_RedeemInfo [orderId=1, purchaseDate=Thu Jan 01 05:30:02 IST 1970, deliveryDate=Thu Jan 01 05:30:02 IST 1970, productName=Mouse, price=300.0], Resource_RedeemInfo [orderId=2, purchaseDate=Thu Jan 01 05:30:01 IST 1970, deliveryDate=Thu Jan 01 05:30:01 IST 1970, productName=Keybord, price=500.0]]] ####
2019-06-11 14:34:18,554 INFO org.springframework.boot.StartupInfoLogger [main] Starting Resource_BalanceControllerTest on DESKTOP-P60AFO3 with PID 20568 (started by Avinash in D:\Users\Avinash\git\PayWithPoint\pwp_resource_layer)
2019-06-11 14:34:18,588 INFO org.springframework.boot.SpringApplication [main] No active profile set, falling back to default profiles: default
2019-06-11 14:34:22,508 INFO org.springframework.boot.StartupInfoLogger [main] Started Resource_BalanceControllerTest in 4.524 seconds (JVM running for 6.839)
2019-06-11 14:34:22,735 ERROR com.barclaysbank.rewards.resource.builder.Resource_BalanceRespBuilder [main] #### ENTER INTO ResourceBalanceRespBuilder ####
2019-06-11 14:34:22,739 INFO com.barclaysbank.rewards.resource.controller.Resource_BalanceController [main] #### Exit from getBalance()  #### Resource_BalanceResp : Resource_BalanceResp [balInfo=Resource_BalanceInfo [availablePts=14578, earnedPts=65478, usedPts=968574, pendingPts=154879], statusBlock=Resource_StatusBlock [respCode=0, respMsg=Success, errorCode=null, errorMsg=null]]####
2019-06-11 14:34:23,107 INFO org.springframework.boot.StartupInfoLogger [main] Starting Resource_ProductControllerTest on DESKTOP-P60AFO3 with PID 20568 (started by Avinash in D:\Users\Avinash\git\PayWithPoint\pwp_resource_layer)
2019-06-11 14:34:23,108 INFO org.springframework.boot.SpringApplication [main] No active profile set, falling back to default profiles: default
2019-06-11 14:34:24,520 INFO org.springframework.boot.StartupInfoLogger [main] Started Resource_ProductControllerTest in 1.529 seconds (JVM running for 8.85)
2019-06-11 14:34:24,555 INFO com.barclaysbank.rewards.resource.controller.Resource_ProductController [main] #### Enter into getProduct() ####
2019-06-11 14:34:24,581 INFO com.barclaysbank.rewards.resource.controller.Resource_ProductController [main] #### Exit from getProduct()  #### Resource_ProductResp : Resource_ProductResp [statusBlock=Resource_StatusBlock [respCode=0, respMsg=Success, errorCode=null, errorMsg=null], productList=[Resource_ProductInfo [name=Keybord, description=Wireless with 10m range, price=600.0, vendorName=Lenevo], Resource_ProductInfo [name=Mouse, description=Wire 1000dpi range, price=500.0, vendorName=Longitech]]] ####
2019-06-11 14:34:24,759 INFO org.springframework.boot.StartupInfoLogger [main] Starting Resource_RedeemControllerTest on DESKTOP-P60AFO3 with PID 20568 (started by Avinash in D:\Users\Avinash\git\PayWithPoint\pwp_resource_layer)
2019-06-11 14:34:24,759 INFO org.springframework.boot.SpringApplication [main] No active profile set, falling back to default profiles: default
2019-06-11 14:34:25,890 INFO org.springframework.boot.StartupInfoLogger [main] Started Resource_RedeemControllerTest in 1.214 seconds (JVM running for 10.22)
2019-06-11 14:34:25,924 INFO com.barclaysbank.rewards.resource.controller.Resource_RedeemController [main] #### Enter into getRedeem()  ####
2019-06-11 14:34:25,948 INFO com.barclaysbank.rewards.resource.controller.Resource_RedeemController [main] #### Exit from getRedeem()  #### Resource_ProductResp : Resource_RedeemResp [statusBlock=Resource_StatusBlock [respCode=0, respMsg=Success, errorCode=null, errorMsg=null], redeemInfoList=[Resource_RedeemInfo [orderId=1, purchaseDate=Thu Jan 01 05:30:02 IST 1970, deliveryDate=Thu Jan 01 05:30:02 IST 1970, productName=Mouse, price=300.0], Resource_RedeemInfo [orderId=2, purchaseDate=Thu Jan 01 05:30:01 IST 1970, deliveryDate=Thu Jan 01 05:30:01 IST 1970, productName=Keybord, price=500.0]]] ####
2019-06-11 14:37:50,657 INFO org.springframework.boot.StartupInfoLogger [main] Starting Resource_BalanceControllerTest on DESKTOP-P60AFO3 with PID 14352 (started by Avinash in D:\Users\Avinash\git\PayWithPoint\pwp_resource_layer)
2019-06-11 14:37:50,673 INFO org.springframework.boot.SpringApplication [main] No active profile set, falling back to default profiles: default
2019-06-11 14:37:54,714 INFO org.springframework.boot.StartupInfoLogger [main] Started Resource_BalanceControllerTest in 4.624 seconds (JVM running for 6.532)
2019-06-11 14:37:54,925 ERROR com.barclaysbank.rewards.resource.builder.Resource_BalanceRespBuilder [main] #### ENTER INTO ResourceBalanceRespBuilder ####
2019-06-11 14:37:54,942 INFO com.barclaysbank.rewards.resource.controller.Resource_BalanceController [main] #### Exit from getBalance()  #### Resource_BalanceResp : Resource_BalanceResp [balInfo=Resource_BalanceInfo [availablePts=14578, earnedPts=65478, usedPts=968574, pendingPts=154879], statusBlock=Resource_StatusBlock [respCode=0, respMsg=Success, errorCode=null, errorMsg=null]]####
2019-06-11 14:37:55,284 INFO org.springframework.boot.StartupInfoLogger [main] Starting Resource_ProductControllerTest on DESKTOP-P60AFO3 with PID 14352 (started by Avinash in D:\Users\Avinash\git\PayWithPoint\pwp_resource_layer)
2019-06-11 14:37:55,288 INFO org.springframework.boot.SpringApplication [main] No active profile set, falling back to default profiles: default
2019-06-11 14:37:57,101 INFO org.springframework.boot.StartupInfoLogger [main] Started Resource_ProductControllerTest in 1.928 seconds (JVM running for 8.92)
2019-06-11 14:37:57,136 INFO com.barclaysbank.rewards.resource.controller.Resource_ProductController [main] #### Enter into getProduct() ####
2019-06-11 14:37:57,176 INFO com.barclaysbank.rewards.resource.controller.Resource_ProductController [main] #### Exit from getProduct()  #### Resource_ProductResp : Resource_ProductResp [statusBlock=Resource_StatusBlock [respCode=0, respMsg=Success, errorCode=null, errorMsg=null], productList=[Resource_ProductInfo [name=Keybord, description=Wireless with 10m range, price=600.0, vendorName=Lenevo], Resource_ProductInfo [name=Mouse, description=Wire 1000dpi range, price=500.0, vendorName=Longitech]]] ####
2019-06-11 14:37:57,357 INFO org.springframework.boot.StartupInfoLogger [main] Starting Resource_RedeemControllerTest on DESKTOP-P60AFO3 with PID 14352 (started by Avinash in D:\Users\Avinash\git\PayWithPoint\pwp_resource_layer)
2019-06-11 14:37:57,359 INFO org.springframework.boot.SpringApplication [main] No active profile set, falling back to default profiles: default
2019-06-11 14:37:59,179 INFO org.springframework.boot.StartupInfoLogger [main] Started Resource_RedeemControllerTest in 1.914 seconds (JVM running for 10.997)
2019-06-11 14:37:59,204 INFO com.barclaysbank.rewards.resource.controller.Resource_RedeemController [main] #### Enter into getRedeem()  ####
2019-06-11 14:37:59,255 INFO com.barclaysbank.rewards.resource.controller.Resource_RedeemController [main] #### Exit from getRedeem()  #### Resource_ProductResp : Resource_RedeemResp [statusBlock=Resource_StatusBlock [respCode=0, respMsg=Success, errorCode=null, errorMsg=null], redeemInfoList=[Resource_RedeemInfo [orderId=1, purchaseDate=Thu Jan 01 05:30:02 IST 1970, deliveryDate=Thu Jan 01 05:30:02 IST 1970, productName=Mouse, price=300.0], Resource_RedeemInfo [orderId=2, purchaseDate=Thu Jan 01 05:30:01 IST 1970, deliveryDate=Thu Jan 01 05:30:01 IST 1970, productName=Keybord, price=500.0]]] ####
2019-06-11 17:23:01,699 INFO org.springframework.boot.StartupInfoLogger [main] Starting PWPServiceApplication on DESKTOP-P60AFO3 with PID 20440 (D:\Users\Avinash\git\PayWithPoint\pwp_resource_layer\target\classes started by Avinash in D:\Users\Avinash\git\PayWithPoint\pwp_resource_layer)
2019-06-11 17:23:01,724 INFO org.springframework.boot.SpringApplication [main] No active profile set, falling back to default profiles: default
2019-06-11 17:23:18,304 INFO org.springframework.boot.StartupInfoLogger [main] Started PWPServiceApplication in 17.03 seconds (JVM running for 21.123)
2019-06-11 17:24:05,560 INFO com.barclaysbank.rewards.balance.dao.impl.DAO_BalanceImpl [http-nio-9090-exec-1] #### Exit from getBalance()  #### DAO_BalanceInfo : DAO_BalanceInfo [rewardId=1, cardNum=5298000100265987, usedPts=1785745, earnedPts=2905145, pendingPts=5024, availablePts=16025] ####
2019-06-11 17:24:05,562 INFO com.barclaysbank.rewards.process.impl.Process_BalanceImpl [http-nio-9090-exec-1] #### Exit from getBalance()  #### Process_BalanceResp : Process_BalanceResp [usedPts=1785745, earnedPts=2905145, pendingPts=5024, availablePts=16025] ####
2019-06-11 17:24:05,562 ERROR com.barclaysbank.rewards.resource.builder.Resource_BalanceRespBuilder [http-nio-9090-exec-1] #### ENTER INTO ResourceBalanceRespBuilder ####
2019-06-11 17:24:05,563 INFO com.barclaysbank.rewards.resource.controller.Resource_BalanceController [http-nio-9090-exec-1] #### Exit from getBalance()  #### Resource_BalanceResp : Resource_BalanceResp [balInfo=Resource_BalanceInfo [availablePts=16025, earnedPts=2905145, usedPts=1785745, pendingPts=5024], statusBlock=Resource_StatusBlock [respCode=0, respMsg=Success, errorCode=null, errorMsg=null]]####
2019-06-11 17:33:10,194 INFO org.springframework.boot.StartupInfoLogger [main] Starting PWPServiceApplication on DESKTOP-P60AFO3 with PID 19132 (D:\Users\Avinash\git\PayWithPoint\pwp_resource_layer\target\classes started by Avinash in D:\Users\Avinash\git\PayWithPoint\pwp_resource_layer)
2019-06-11 17:33:10,199 DEBUG org.springframework.boot.StartupInfoLogger [main] Running with Spring Boot v1.5.21.RELEASE, Spring v4.3.24.RELEASE
2019-06-11 17:33:10,199 INFO org.springframework.boot.SpringApplication [main] No active profile set, falling back to default profiles: default
2019-06-11 17:33:18,361 INFO org.springframework.boot.StartupInfoLogger [main] Started PWPServiceApplication in 8.559 seconds (JVM running for 9.862)
2019-06-11 17:57:59,817 DEBUG com.barclaysbank.rewards.resource.controller.Resource_BalanceController [http-nio-9090-exec-2] #### Enter into getBalance()  ####
2019-06-11 17:58:00,070 DEBUG com.barclaysbank.rewards.process.impl.Process_BalanceImpl [http-nio-9090-exec-2] #### Enter into getBalance() #### cardNum :5298000100265987 ####
2019-06-11 17:58:00,072 DEBUG com.barclaysbank.rewards.balance.dao.impl.DAO_BalanceImpl [http-nio-9090-exec-2] #### Enter into getBalance() cardNum 5298000100265987 ####
2019-06-11 17:58:00,082 INFO com.barclaysbank.rewards.balance.dao.impl.DAO_BalanceImpl [http-nio-9090-exec-2] #### Exit from getBalance()  #### DAO_BalanceInfo : DAO_BalanceInfo [rewardId=1, cardNum=5298000100265987, usedPts=1785745, earnedPts=2905145, pendingPts=5024, availablePts=16025] ####
2019-06-11 17:58:00,084 INFO com.barclaysbank.rewards.process.impl.Process_BalanceImpl [http-nio-9090-exec-2] #### Exit from getBalance()  #### Process_BalanceResp : Process_BalanceResp [usedPts=1785745, earnedPts=2905145, pendingPts=5024, availablePts=16025] ####
2019-06-11 17:58:00,084 DEBUG com.barclaysbank.rewards.resource.builder.Resource_BalanceRespBuilder [http-nio-9090-exec-2] #### Enter into ResourceBalanceRespBuilder ####
2019-06-11 17:58:00,099 DEBUG com.barclaysbank.rewards.resource.builder.Resource_BalanceRespBuilder [http-nio-9090-exec-2] #### Exit from ResourceBalanceRespBuilder ####
2019-06-11 17:58:00,100 INFO com.barclaysbank.rewards.resource.controller.Resource_BalanceController [http-nio-9090-exec-2] #### Exit from getBalance()  #### Resource_BalanceResp : Resource_BalanceResp [balInfo=Resource_BalanceInfo [availablePts=16025, earnedPts=2905145, usedPts=1785745, pendingPts=5024], statusBlock=Resource_StatusBlock [respCode=0, respMsg=Success, errorCode=null, errorMsg=null]]####
