2019-06-11 00:06:01,751 INFO org.springframework.test.context.support.AbstractTestContextBootstrapper [main] Neither @ContextConfiguration nor @ContextHierarchy found for test class [com.barclaysbank.rewards.balance.dao.impl.DAO_BalanceImplTest], using SpringBootContextLoader
2019-06-11 00:06:01,766 INFO org.springframework.test.context.support.AbstractContextLoader [main] Could not detect default resource locations for test class [com.barclaysbank.rewards.balance.dao.impl.DAO_BalanceImplTest]: no resource found for suffixes {-context.xml, Context.groovy}.
2019-06-11 00:06:02,101 INFO org.springframework.test.context.support.AbstractTestContextBootstrapper [main] Loaded default TestExecutionListener class names from location [META-INF/spring.factories]: [org.springframework.boot.test.mock.mockito.MockitoTestExecutionListener, org.springframework.boot.test.mock.mockito.ResetMocksTestExecutionListener, org.springframework.boot.test.autoconfigure.restdocs.RestDocsTestExecutionListener, org.springframework.boot.test.autoconfigure.web.client.MockRestServiceServerResetTestExecutionListener, org.springframework.boot.test.autoconfigure.web.servlet.MockMvcPrintOnlyOnFailureTestExecutionListener, org.springframework.boot.test.autoconfigure.web.servlet.WebDriverTestExecutionListener, org.springframework.test.context.web.ServletTestExecutionListener, org.springframework.test.context.support.DirtiesContextBeforeModesTestExecutionListener, org.springframework.test.context.support.DependencyInjectionTestExecutionListener, org.springframework.test.context.support.DirtiesContextTestExecutionListener, org.springframework.test.context.transaction.TransactionalTestExecutionListener, org.springframework.test.context.jdbc.SqlScriptsTestExecutionListener]
2019-06-11 00:06:02,139 INFO org.springframework.test.context.support.AbstractTestContextBootstrapper [main] Using TestExecutionListeners: [org.springframework.test.context.support.DirtiesContextBeforeModesTestExecutionListener@639c2c1d, org.springframework.boot.test.mock.mockito.MockitoTestExecutionListener@5fe94a96, org.springframework.boot.test.autoconfigure.SpringBootDependencyInjectionTestExecutionListener@443118b0, org.springframework.test.context.support.DirtiesContextTestExecutionListener@765d7657, org.springframework.test.context.transaction.TransactionalTestExecutionListener@74235045, org.springframework.test.context.jdbc.SqlScriptsTestExecutionListener@618b19ad, org.springframework.boot.test.mock.mockito.ResetMocksTestExecutionListener@2d3379b4, org.springframework.boot.test.autoconfigure.restdocs.RestDocsTestExecutionListener@30c15d8b, org.springframework.boot.test.autoconfigure.web.client.MockRestServiceServerResetTestExecutionListener@5e0e82ae, org.springframework.boot.test.autoconfigure.web.servlet.MockMvcPrintOnlyOnFailureTestExecutionListener@6771beb3, org.springframework.boot.test.autoconfigure.web.servlet.WebDriverTestExecutionListener@51399530]
2019-06-11 00:06:02,658 INFO org.springframework.boot.StartupInfoLogger [main] Starting DAO_BalanceImplTest on DESKTOP-P60AFO3 with PID 11172 (started by Avinash in D:\Users\Avinash\git\PayWithPoint\pwp_balance_dao)
2019-06-11 00:06:02,659 INFO org.springframework.boot.SpringApplication [main] No active profile set, falling back to default profiles: default
2019-06-11 00:06:03,541 INFO org.springframework.data.repository.config.RepositoryConfigurationDelegate [main] Bootstrapping Spring Data repositories in DEFAULT mode.
2019-06-11 00:06:03,727 INFO org.springframework.data.repository.config.RepositoryConfigurationDelegate [main] Finished Spring Data repository scanning in 171ms. Found 1 repository interfaces.
2019-06-11 00:06:06,127 INFO com.zaxxer.hikari.HikariDataSource [main] HikariPool-1 - Starting...
2019-06-11 00:06:06,135 WARN com.zaxxer.hikari.util.DriverDataSource [main] Registered driver with driverClassName=com.mysql.jdbc.Driver was not found, trying direct instantiation.
2019-06-11 00:06:06,493 INFO com.zaxxer.hikari.HikariDataSource [main] HikariPool-1 - Start completed.
2019-06-11 00:06:06,695 INFO org.hibernate.jpa.internal.util.LogHelper [main] HHH000204: Processing PersistenceUnitInfo [
	name: default
	...]
2019-06-11 00:06:06,901 INFO org.hibernate.Version [main] HHH000412: Hibernate Core {5.3.9.Final}
2019-06-11 00:06:06,905 INFO org.hibernate.cfg.Environment [main] HHH000206: hibernate.properties not found
2019-06-11 00:06:07,098 INFO org.hibernate.annotations.common.reflection.java.JavaReflectionManager [main] HCANN000001: Hibernate Commons Annotations {5.0.4.Final}
2019-06-11 00:06:07,692 INFO org.hibernate.dialect.Dialect [main] HHH000400: Using dialect: org.hibernate.dialect.MySQL5Dialect
2019-06-11 00:06:08,926 INFO org.springframework.orm.jpa.AbstractEntityManagerFactoryBean [main] Initialized JPA EntityManagerFactory for persistence unit 'default'
2019-06-11 00:06:09,420 INFO org.springframework.boot.StartupInfoLogger [main] Started DAO_BalanceImplTest in 7.172 seconds (JVM running for 8.942)
2019-06-11 00:06:09,646 INFO org.springframework.orm.jpa.AbstractEntityManagerFactoryBean [Thread-2] Closing JPA EntityManagerFactory for persistence unit 'default'
2019-06-11 00:06:09,657 INFO com.zaxxer.hikari.HikariDataSource [Thread-2] HikariPool-1 - Shutdown initiated...
2019-06-11 00:06:09,673 INFO com.zaxxer.hikari.HikariDataSource [Thread-2] HikariPool-1 - Shutdown completed.
2019-06-11 00:07:48,336 INFO org.springframework.test.context.support.AbstractTestContextBootstrapper [main] Neither @ContextConfiguration nor @ContextHierarchy found for test class [com.barclaysbank.rewards.balance.dao.impl.DAO_BalanceImplTest], using SpringBootContextLoader
2019-06-11 00:07:48,345 INFO org.springframework.test.context.support.AbstractContextLoader [main] Could not detect default resource locations for test class [com.barclaysbank.rewards.balance.dao.impl.DAO_BalanceImplTest]: no resource found for suffixes {-context.xml, Context.groovy}.
2019-06-11 00:07:48,690 INFO org.springframework.test.context.support.AbstractTestContextBootstrapper [main] Loaded default TestExecutionListener class names from location [META-INF/spring.factories]: [org.springframework.boot.test.mock.mockito.MockitoTestExecutionListener, org.springframework.boot.test.mock.mockito.ResetMocksTestExecutionListener, org.springframework.boot.test.autoconfigure.restdocs.RestDocsTestExecutionListener, org.springframework.boot.test.autoconfigure.web.client.MockRestServiceServerResetTestExecutionListener, org.springframework.boot.test.autoconfigure.web.servlet.MockMvcPrintOnlyOnFailureTestExecutionListener, org.springframework.boot.test.autoconfigure.web.servlet.WebDriverTestExecutionListener, org.springframework.test.context.web.ServletTestExecutionListener, org.springframework.test.context.support.DirtiesContextBeforeModesTestExecutionListener, org.springframework.test.context.support.DependencyInjectionTestExecutionListener, org.springframework.test.context.support.DirtiesContextTestExecutionListener, org.springframework.test.context.transaction.TransactionalTestExecutionListener, org.springframework.test.context.jdbc.SqlScriptsTestExecutionListener]
2019-06-11 00:07:48,724 INFO org.springframework.test.context.support.AbstractTestContextBootstrapper [main] Using TestExecutionListeners: [org.springframework.test.context.support.DirtiesContextBeforeModesTestExecutionListener@443118b0, org.springframework.boot.test.mock.mockito.MockitoTestExecutionListener@765d7657, org.springframework.boot.test.autoconfigure.SpringBootDependencyInjectionTestExecutionListener@74235045, org.springframework.test.context.support.DirtiesContextTestExecutionListener@618b19ad, org.springframework.test.context.transaction.TransactionalTestExecutionListener@2d3379b4, org.springframework.test.context.jdbc.SqlScriptsTestExecutionListener@30c15d8b, org.springframework.boot.test.mock.mockito.ResetMocksTestExecutionListener@5e0e82ae, org.springframework.boot.test.autoconfigure.restdocs.RestDocsTestExecutionListener@6771beb3, org.springframework.boot.test.autoconfigure.web.client.MockRestServiceServerResetTestExecutionListener@51399530, org.springframework.boot.test.autoconfigure.web.servlet.MockMvcPrintOnlyOnFailureTestExecutionListener@6b2ea799, org.springframework.boot.test.autoconfigure.web.servlet.WebDriverTestExecutionListener@411f53a0]
2019-06-11 00:07:49,148 INFO org.springframework.boot.StartupInfoLogger [main] Starting DAO_BalanceImplTest on DESKTOP-P60AFO3 with PID 1520 (started by Avinash in D:\Users\Avinash\git\PayWithPoint\pwp_balance_dao)
2019-06-11 00:07:49,149 INFO org.springframework.boot.SpringApplication [main] No active profile set, falling back to default profiles: default
2019-06-11 00:07:49,973 INFO org.springframework.data.repository.config.RepositoryConfigurationDelegate [main] Bootstrapping Spring Data repositories in DEFAULT mode.
2019-06-11 00:07:50,108 INFO org.springframework.data.repository.config.RepositoryConfigurationDelegate [main] Finished Spring Data repository scanning in 122ms. Found 1 repository interfaces.
2019-06-11 00:07:52,707 INFO com.zaxxer.hikari.HikariDataSource [main] HikariPool-1 - Starting...
2019-06-11 00:07:52,713 WARN com.zaxxer.hikari.util.DriverDataSource [main] Registered driver with driverClassName=com.mysql.jdbc.Driver was not found, trying direct instantiation.
2019-06-11 00:07:53,022 INFO com.zaxxer.hikari.HikariDataSource [main] HikariPool-1 - Start completed.
2019-06-11 00:07:53,188 INFO org.hibernate.jpa.internal.util.LogHelper [main] HHH000204: Processing PersistenceUnitInfo [
	name: default
	...]
2019-06-11 00:07:53,367 INFO org.hibernate.Version [main] HHH000412: Hibernate Core {5.3.9.Final}
2019-06-11 00:07:53,371 INFO org.hibernate.cfg.Environment [main] HHH000206: hibernate.properties not found
2019-06-11 00:07:53,546 INFO org.hibernate.annotations.common.reflection.java.JavaReflectionManager [main] HCANN000001: Hibernate Commons Annotations {5.0.4.Final}
2019-06-11 00:07:54,060 INFO org.hibernate.dialect.Dialect [main] HHH000400: Using dialect: org.hibernate.dialect.MySQL5Dialect
2019-06-11 00:07:55,301 INFO org.springframework.orm.jpa.AbstractEntityManagerFactoryBean [main] Initialized JPA EntityManagerFactory for persistence unit 'default'
2019-06-11 00:07:55,734 INFO org.springframework.boot.StartupInfoLogger [main] Started DAO_BalanceImplTest in 6.918 seconds (JVM running for 8.551)
2019-06-11 00:07:55,905 INFO org.springframework.orm.jpa.AbstractEntityManagerFactoryBean [Thread-2] Closing JPA EntityManagerFactory for persistence unit 'default'
2019-06-11 00:07:55,915 INFO com.zaxxer.hikari.HikariDataSource [Thread-2] HikariPool-1 - Shutdown initiated...
2019-06-11 00:07:55,936 INFO com.zaxxer.hikari.HikariDataSource [Thread-2] HikariPool-1 - Shutdown completed.
